<?xml version="1.0" encoding="UTF-8"?>
<testsuite xmlns:xsi="http://www.w3.org/2001/XMLSchema-instance" xsi:noNamespaceSchemaLocation="https://maven.apache.org/surefire/maven-surefire-plugin/xsd/surefire-test-report.xsd" name="mflix.api.daos.FacetedSearchTest" time="0.494" tests="3" errors="1" skipped="0" failures="2">
  <properties>
    <property name="sun.desktop" value="windows"/>
    <property name="awt.toolkit" value="sun.awt.windows.WToolkit"/>
    <property name="jdk.extensions.version" value="8.0.202.1"/>
    <property name="file.encoding.pkg" value="sun.io"/>
    <property name="java.specification.version" value="1.8"/>
    <property name="sun.jnu.encoding" value="Cp1252"/>
    <property name="java.class.path" value="D:\mongodb university\mflix\target\test-classes;D:\mongodb university\mflix\target\classes;C:\Users\souvik.dey\.m2\repository\org\springframework\boot\spring-boot-starter-web\2.0.3.RELEASE\spring-boot-starter-web-2.0.3.RELEASE.jar;C:\Users\souvik.dey\.m2\repository\org\springframework\boot\spring-boot-starter\2.0.3.RELEASE\spring-boot-starter-2.0.3.RELEASE.jar;C:\Users\souvik.dey\.m2\repository\org\springframework\boot\spring-boot-starter-logging\2.0.3.RELEASE\spring-boot-starter-logging-2.0.3.RELEASE.jar;C:\Users\souvik.dey\.m2\repository\ch\qos\logback\logback-classic\1.2.3\logback-classic-1.2.3.jar;C:\Users\souvik.dey\.m2\repository\ch\qos\logback\logback-core\1.2.3\logback-core-1.2.3.jar;C:\Users\souvik.dey\.m2\repository\org\apache\logging\log4j\log4j-to-slf4j\2.10.0\log4j-to-slf4j-2.10.0.jar;C:\Users\souvik.dey\.m2\repository\org\apache\logging\log4j\log4j-api\2.10.0\log4j-api-2.10.0.jar;C:\Users\souvik.dey\.m2\repository\org\slf4j\jul-to-slf4j\1.7.25\jul-to-slf4j-1.7.25.jar;C:\Users\souvik.dey\.m2\repository\javax\annotation\javax.annotation-api\1.3.2\javax.annotation-api-1.3.2.jar;C:\Users\souvik.dey\.m2\repository\org\yaml\snakeyaml\1.19\snakeyaml-1.19.jar;C:\Users\souvik.dey\.m2\repository\org\springframework\boot\spring-boot-starter-json\2.0.3.RELEASE\spring-boot-starter-json-2.0.3.RELEASE.jar;C:\Users\souvik.dey\.m2\repository\com\fasterxml\jackson\datatype\jackson-datatype-jdk8\2.9.6\jackson-datatype-jdk8-2.9.6.jar;C:\Users\souvik.dey\.m2\repository\com\fasterxml\jackson\datatype\jackson-datatype-jsr310\2.9.6\jackson-datatype-jsr310-2.9.6.jar;C:\Users\souvik.dey\.m2\repository\com\fasterxml\jackson\module\jackson-module-parameter-names\2.9.6\jackson-module-parameter-names-2.9.6.jar;C:\Users\souvik.dey\.m2\repository\org\springframework\boot\spring-boot-starter-tomcat\2.0.3.RELEASE\spring-boot-starter-tomcat-2.0.3.RELEASE.jar;C:\Users\souvik.dey\.m2\repository\org\apache\tomcat\embed\tomcat-embed-core\8.5.31\tomcat-embed-core-8.5.31.jar;C:\Users\souvik.dey\.m2\repository\org\apache\tomcat\embed\tomcat-embed-el\8.5.31\tomcat-embed-el-8.5.31.jar;C:\Users\souvik.dey\.m2\repository\org\apache\tomcat\embed\tomcat-embed-websocket\8.5.31\tomcat-embed-websocket-8.5.31.jar;C:\Users\souvik.dey\.m2\repository\org\hibernate\validator\hibernate-validator\6.0.10.Final\hibernate-validator-6.0.10.Final.jar;C:\Users\souvik.dey\.m2\repository\javax\validation\validation-api\2.0.1.Final\validation-api-2.0.1.Final.jar;C:\Users\souvik.dey\.m2\repository\org\jboss\logging\jboss-logging\3.3.2.Final\jboss-logging-3.3.2.Final.jar;C:\Users\souvik.dey\.m2\repository\com\fasterxml\classmate\1.3.4\classmate-1.3.4.jar;C:\Users\souvik.dey\.m2\repository\org\springframework\spring-webmvc\5.0.7.RELEASE\spring-webmvc-5.0.7.RELEASE.jar;C:\Users\souvik.dey\.m2\repository\org\springframework\boot\spring-boot-starter-test\2.0.3.RELEASE\spring-boot-starter-test-2.0.3.RELEASE.jar;C:\Users\souvik.dey\.m2\repository\org\springframework\boot\spring-boot-test\2.0.3.RELEASE\spring-boot-test-2.0.3.RELEASE.jar;C:\Users\souvik.dey\.m2\repository\org\springframework\boot\spring-boot-test-autoconfigure\2.0.3.RELEASE\spring-boot-test-autoconfigure-2.0.3.RELEASE.jar;C:\Users\souvik.dey\.m2\repository\com\jayway\jsonpath\json-path\2.4.0\json-path-2.4.0.jar;C:\Users\souvik.dey\.m2\repository\net\minidev\json-smart\2.3\json-smart-2.3.jar;C:\Users\souvik.dey\.m2\repository\net\minidev\accessors-smart\1.2\accessors-smart-1.2.jar;C:\Users\souvik.dey\.m2\repository\org\ow2\asm\asm\5.0.4\asm-5.0.4.jar;C:\Users\souvik.dey\.m2\repository\org\slf4j\slf4j-api\1.7.25\slf4j-api-1.7.25.jar;C:\Users\souvik.dey\.m2\repository\junit\junit\4.12\junit-4.12.jar;C:\Users\souvik.dey\.m2\repository\org\assertj\assertj-core\3.9.1\assertj-core-3.9.1.jar;C:\Users\souvik.dey\.m2\repository\org\mockito\mockito-core\2.15.0\mockito-core-2.15.0.jar;C:\Users\souvik.dey\.m2\repository\net\bytebuddy\byte-buddy\1.7.9\byte-buddy-1.7.9.jar;C:\Users\souvik.dey\.m2\repository\net\bytebuddy\byte-buddy-agent\1.7.9\byte-buddy-agent-1.7.9.jar;C:\Users\souvik.dey\.m2\repository\org\objenesis\objenesis\2.6\objenesis-2.6.jar;C:\Users\souvik.dey\.m2\repository\org\hamcrest\hamcrest-core\1.3\hamcrest-core-1.3.jar;C:\Users\souvik.dey\.m2\repository\org\hamcrest\hamcrest-library\1.3\hamcrest-library-1.3.jar;C:\Users\souvik.dey\.m2\repository\org\skyscreamer\jsonassert\1.5.0\jsonassert-1.5.0.jar;C:\Users\souvik.dey\.m2\repository\com\vaadin\external\google\android-json\0.0.20131108.vaadin1\android-json-0.0.20131108.vaadin1.jar;C:\Users\souvik.dey\.m2\repository\org\springframework\spring-test\5.0.7.RELEASE\spring-test-5.0.7.RELEASE.jar;C:\Users\souvik.dey\.m2\repository\org\xmlunit\xmlunit-core\2.5.1\xmlunit-core-2.5.1.jar;C:\Users\souvik.dey\.m2\repository\org\springframework\boot\spring-boot-starter-security\2.0.4.RELEASE\spring-boot-starter-security-2.0.4.RELEASE.jar;C:\Users\souvik.dey\.m2\repository\org\springframework\spring-aop\5.0.8.RELEASE\spring-aop-5.0.8.RELEASE.jar;C:\Users\souvik.dey\.m2\repository\org\springframework\security\spring-security-config\5.0.7.RELEASE\spring-security-config-5.0.7.RELEASE.jar;C:\Users\souvik.dey\.m2\repository\org\springframework\security\spring-security-core\5.0.7.RELEASE\spring-security-core-5.0.7.RELEASE.jar;C:\Users\souvik.dey\.m2\repository\org\springframework\security\spring-security-web\5.0.7.RELEASE\spring-security-web-5.0.7.RELEASE.jar;C:\Users\souvik.dey\.m2\repository\org\springframework\boot\spring-boot\2.0.4.RELEASE\spring-boot-2.0.4.RELEASE.jar;C:\Users\souvik.dey\.m2\repository\org\springframework\spring-context\5.0.7.RELEASE\spring-context-5.0.7.RELEASE.jar;C:\Users\souvik.dey\.m2\repository\org\springframework\spring-beans\5.0.7.RELEASE\spring-beans-5.0.7.RELEASE.jar;C:\Users\souvik.dey\.m2\repository\org\springframework\spring-expression\5.0.7.RELEASE\spring-expression-5.0.7.RELEASE.jar;C:\Users\souvik.dey\.m2\repository\org\springframework\spring-core\5.0.7.RELEASE\spring-core-5.0.7.RELEASE.jar;C:\Users\souvik.dey\.m2\repository\org\springframework\spring-jcl\5.0.7.RELEASE\spring-jcl-5.0.7.RELEASE.jar;C:\Users\souvik.dey\.m2\repository\org\springframework\boot\spring-boot-autoconfigure\2.0.3.RELEASE\spring-boot-autoconfigure-2.0.3.RELEASE.jar;C:\Users\souvik.dey\.m2\repository\org\springframework\spring-web\5.0.7.RELEASE\spring-web-5.0.7.RELEASE.jar;C:\Users\souvik.dey\.m2\repository\io\jsonwebtoken\jjwt\0.9.1\jjwt-0.9.1.jar;C:\Users\souvik.dey\.m2\repository\com\fasterxml\jackson\core\jackson-databind\2.9.6\jackson-databind-2.9.6.jar;C:\Users\souvik.dey\.m2\repository\com\fasterxml\jackson\core\jackson-annotations\2.9.0\jackson-annotations-2.9.0.jar;C:\Users\souvik.dey\.m2\repository\com\fasterxml\jackson\core\jackson-core\2.9.6\jackson-core-2.9.6.jar;C:\Users\souvik.dey\.m2\repository\org\junit\jupiter\junit-jupiter-api\5.1.0\junit-jupiter-api-5.1.0.jar;C:\Users\souvik.dey\.m2\repository\org\apiguardian\apiguardian-api\1.0.0\apiguardian-api-1.0.0.jar;C:\Users\souvik.dey\.m2\repository\org\opentest4j\opentest4j\1.0.0\opentest4j-1.0.0.jar;C:\Users\souvik.dey\.m2\repository\org\junit\platform\junit-platform-commons\1.1.0\junit-platform-commons-1.1.0.jar;C:\Users\souvik.dey\.m2\repository\org\mongodb\mongodb-driver-sync\3.9.1\mongodb-driver-sync-3.9.1.jar;C:\Users\souvik.dey\.m2\repository\org\mongodb\bson\3.9.1\bson-3.9.1.jar;C:\Users\souvik.dey\.m2\repository\org\mongodb\mongodb-driver-core\3.9.1\mongodb-driver-core-3.9.1.jar;"/>
    <property name="com.ibm.zero.version" value="2"/>
    <property name="java.vm.vendor" value="Eclipse OpenJ9"/>
    <property name="sun.arch.data.model" value="64"/>
    <property name="com.ibm.vm.bitmode" value="64"/>
    <property name="user.variant" value=""/>
    <property name="com.ibm.oti.vm.library.version" value="29"/>
    <property name="java.vendor.url" value="http://www.eclipse.org/openj9"/>
    <property name="user.timezone" value="Asia/Calcutta"/>
    <property name="os.name" value="Windows 10"/>
    <property name="java.vm.specification.version" value="1.8"/>
    <property name="sun.java.launcher" value="SUN_STANDARD"/>
    <property name="user.country" value="US"/>
    <property name="sun.boot.library.path" value="C:\Program Files\AdoptOpenJDK\jre-8.0.202.08\bin\compressedrefs;C:\Program Files\AdoptOpenJDK\jre-8.0.202.08\bin"/>
    <property name="sun.java.command" value="C:\Users\souvik.dey\AppData\Local\Temp\surefire2177548446552518358\surefirebooter539710187202965676.jar C:\Users\souvik.dey\AppData\Local\Temp\surefire2177548446552518358 2020-02-02T01-47-35_985-jvmRun1 surefire977915364726116089tmp surefire_01540351599844633061tmp"/>
    <property name="surefire.test.class.path" value="D:\mongodb university\mflix\target\test-classes;D:\mongodb university\mflix\target\classes;C:\Users\souvik.dey\.m2\repository\org\springframework\boot\spring-boot-starter-web\2.0.3.RELEASE\spring-boot-starter-web-2.0.3.RELEASE.jar;C:\Users\souvik.dey\.m2\repository\org\springframework\boot\spring-boot-starter\2.0.3.RELEASE\spring-boot-starter-2.0.3.RELEASE.jar;C:\Users\souvik.dey\.m2\repository\org\springframework\boot\spring-boot-starter-logging\2.0.3.RELEASE\spring-boot-starter-logging-2.0.3.RELEASE.jar;C:\Users\souvik.dey\.m2\repository\ch\qos\logback\logback-classic\1.2.3\logback-classic-1.2.3.jar;C:\Users\souvik.dey\.m2\repository\ch\qos\logback\logback-core\1.2.3\logback-core-1.2.3.jar;C:\Users\souvik.dey\.m2\repository\org\apache\logging\log4j\log4j-to-slf4j\2.10.0\log4j-to-slf4j-2.10.0.jar;C:\Users\souvik.dey\.m2\repository\org\apache\logging\log4j\log4j-api\2.10.0\log4j-api-2.10.0.jar;C:\Users\souvik.dey\.m2\repository\org\slf4j\jul-to-slf4j\1.7.25\jul-to-slf4j-1.7.25.jar;C:\Users\souvik.dey\.m2\repository\javax\annotation\javax.annotation-api\1.3.2\javax.annotation-api-1.3.2.jar;C:\Users\souvik.dey\.m2\repository\org\yaml\snakeyaml\1.19\snakeyaml-1.19.jar;C:\Users\souvik.dey\.m2\repository\org\springframework\boot\spring-boot-starter-json\2.0.3.RELEASE\spring-boot-starter-json-2.0.3.RELEASE.jar;C:\Users\souvik.dey\.m2\repository\com\fasterxml\jackson\datatype\jackson-datatype-jdk8\2.9.6\jackson-datatype-jdk8-2.9.6.jar;C:\Users\souvik.dey\.m2\repository\com\fasterxml\jackson\datatype\jackson-datatype-jsr310\2.9.6\jackson-datatype-jsr310-2.9.6.jar;C:\Users\souvik.dey\.m2\repository\com\fasterxml\jackson\module\jackson-module-parameter-names\2.9.6\jackson-module-parameter-names-2.9.6.jar;C:\Users\souvik.dey\.m2\repository\org\springframework\boot\spring-boot-starter-tomcat\2.0.3.RELEASE\spring-boot-starter-tomcat-2.0.3.RELEASE.jar;C:\Users\souvik.dey\.m2\repository\org\apache\tomcat\embed\tomcat-embed-core\8.5.31\tomcat-embed-core-8.5.31.jar;C:\Users\souvik.dey\.m2\repository\org\apache\tomcat\embed\tomcat-embed-el\8.5.31\tomcat-embed-el-8.5.31.jar;C:\Users\souvik.dey\.m2\repository\org\apache\tomcat\embed\tomcat-embed-websocket\8.5.31\tomcat-embed-websocket-8.5.31.jar;C:\Users\souvik.dey\.m2\repository\org\hibernate\validator\hibernate-validator\6.0.10.Final\hibernate-validator-6.0.10.Final.jar;C:\Users\souvik.dey\.m2\repository\javax\validation\validation-api\2.0.1.Final\validation-api-2.0.1.Final.jar;C:\Users\souvik.dey\.m2\repository\org\jboss\logging\jboss-logging\3.3.2.Final\jboss-logging-3.3.2.Final.jar;C:\Users\souvik.dey\.m2\repository\com\fasterxml\classmate\1.3.4\classmate-1.3.4.jar;C:\Users\souvik.dey\.m2\repository\org\springframework\spring-webmvc\5.0.7.RELEASE\spring-webmvc-5.0.7.RELEASE.jar;C:\Users\souvik.dey\.m2\repository\org\springframework\boot\spring-boot-starter-test\2.0.3.RELEASE\spring-boot-starter-test-2.0.3.RELEASE.jar;C:\Users\souvik.dey\.m2\repository\org\springframework\boot\spring-boot-test\2.0.3.RELEASE\spring-boot-test-2.0.3.RELEASE.jar;C:\Users\souvik.dey\.m2\repository\org\springframework\boot\spring-boot-test-autoconfigure\2.0.3.RELEASE\spring-boot-test-autoconfigure-2.0.3.RELEASE.jar;C:\Users\souvik.dey\.m2\repository\com\jayway\jsonpath\json-path\2.4.0\json-path-2.4.0.jar;C:\Users\souvik.dey\.m2\repository\net\minidev\json-smart\2.3\json-smart-2.3.jar;C:\Users\souvik.dey\.m2\repository\net\minidev\accessors-smart\1.2\accessors-smart-1.2.jar;C:\Users\souvik.dey\.m2\repository\org\ow2\asm\asm\5.0.4\asm-5.0.4.jar;C:\Users\souvik.dey\.m2\repository\org\slf4j\slf4j-api\1.7.25\slf4j-api-1.7.25.jar;C:\Users\souvik.dey\.m2\repository\junit\junit\4.12\junit-4.12.jar;C:\Users\souvik.dey\.m2\repository\org\assertj\assertj-core\3.9.1\assertj-core-3.9.1.jar;C:\Users\souvik.dey\.m2\repository\org\mockito\mockito-core\2.15.0\mockito-core-2.15.0.jar;C:\Users\souvik.dey\.m2\repository\net\bytebuddy\byte-buddy\1.7.9\byte-buddy-1.7.9.jar;C:\Users\souvik.dey\.m2\repository\net\bytebuddy\byte-buddy-agent\1.7.9\byte-buddy-agent-1.7.9.jar;C:\Users\souvik.dey\.m2\repository\org\objenesis\objenesis\2.6\objenesis-2.6.jar;C:\Users\souvik.dey\.m2\repository\org\hamcrest\hamcrest-core\1.3\hamcrest-core-1.3.jar;C:\Users\souvik.dey\.m2\repository\org\hamcrest\hamcrest-library\1.3\hamcrest-library-1.3.jar;C:\Users\souvik.dey\.m2\repository\org\skyscreamer\jsonassert\1.5.0\jsonassert-1.5.0.jar;C:\Users\souvik.dey\.m2\repository\com\vaadin\external\google\android-json\0.0.20131108.vaadin1\android-json-0.0.20131108.vaadin1.jar;C:\Users\souvik.dey\.m2\repository\org\springframework\spring-test\5.0.7.RELEASE\spring-test-5.0.7.RELEASE.jar;C:\Users\souvik.dey\.m2\repository\org\xmlunit\xmlunit-core\2.5.1\xmlunit-core-2.5.1.jar;C:\Users\souvik.dey\.m2\repository\org\springframework\boot\spring-boot-starter-security\2.0.4.RELEASE\spring-boot-starter-security-2.0.4.RELEASE.jar;C:\Users\souvik.dey\.m2\repository\org\springframework\spring-aop\5.0.8.RELEASE\spring-aop-5.0.8.RELEASE.jar;C:\Users\souvik.dey\.m2\repository\org\springframework\security\spring-security-config\5.0.7.RELEASE\spring-security-config-5.0.7.RELEASE.jar;C:\Users\souvik.dey\.m2\repository\org\springframework\security\spring-security-core\5.0.7.RELEASE\spring-security-core-5.0.7.RELEASE.jar;C:\Users\souvik.dey\.m2\repository\org\springframework\security\spring-security-web\5.0.7.RELEASE\spring-security-web-5.0.7.RELEASE.jar;C:\Users\souvik.dey\.m2\repository\org\springframework\boot\spring-boot\2.0.4.RELEASE\spring-boot-2.0.4.RELEASE.jar;C:\Users\souvik.dey\.m2\repository\org\springframework\spring-context\5.0.7.RELEASE\spring-context-5.0.7.RELEASE.jar;C:\Users\souvik.dey\.m2\repository\org\springframework\spring-beans\5.0.7.RELEASE\spring-beans-5.0.7.RELEASE.jar;C:\Users\souvik.dey\.m2\repository\org\springframework\spring-expression\5.0.7.RELEASE\spring-expression-5.0.7.RELEASE.jar;C:\Users\souvik.dey\.m2\repository\org\springframework\spring-core\5.0.7.RELEASE\spring-core-5.0.7.RELEASE.jar;C:\Users\souvik.dey\.m2\repository\org\springframework\spring-jcl\5.0.7.RELEASE\spring-jcl-5.0.7.RELEASE.jar;C:\Users\souvik.dey\.m2\repository\org\springframework\boot\spring-boot-autoconfigure\2.0.3.RELEASE\spring-boot-autoconfigure-2.0.3.RELEASE.jar;C:\Users\souvik.dey\.m2\repository\org\springframework\spring-web\5.0.7.RELEASE\spring-web-5.0.7.RELEASE.jar;C:\Users\souvik.dey\.m2\repository\io\jsonwebtoken\jjwt\0.9.1\jjwt-0.9.1.jar;C:\Users\souvik.dey\.m2\repository\com\fasterxml\jackson\core\jackson-databind\2.9.6\jackson-databind-2.9.6.jar;C:\Users\souvik.dey\.m2\repository\com\fasterxml\jackson\core\jackson-annotations\2.9.0\jackson-annotations-2.9.0.jar;C:\Users\souvik.dey\.m2\repository\com\fasterxml\jackson\core\jackson-core\2.9.6\jackson-core-2.9.6.jar;C:\Users\souvik.dey\.m2\repository\org\junit\jupiter\junit-jupiter-api\5.1.0\junit-jupiter-api-5.1.0.jar;C:\Users\souvik.dey\.m2\repository\org\apiguardian\apiguardian-api\1.0.0\apiguardian-api-1.0.0.jar;C:\Users\souvik.dey\.m2\repository\org\opentest4j\opentest4j\1.0.0\opentest4j-1.0.0.jar;C:\Users\souvik.dey\.m2\repository\org\junit\platform\junit-platform-commons\1.1.0\junit-platform-commons-1.1.0.jar;C:\Users\souvik.dey\.m2\repository\org\mongodb\mongodb-driver-sync\3.9.1\mongodb-driver-sync-3.9.1.jar;C:\Users\souvik.dey\.m2\repository\org\mongodb\bson\3.9.1\bson-3.9.1.jar;C:\Users\souvik.dey\.m2\repository\org\mongodb\mongodb-driver-core\3.9.1\mongodb-driver-core-3.9.1.jar;"/>
    <property name="sun.cpu.endian" value="little"/>
    <property name="user.home" value="C:\Users\souvik.dey"/>
    <property name="user.language" value="en"/>
    <property name="java.specification.vendor" value="Oracle Corporation"/>
    <property name="java.home" value="C:\Program Files\AdoptOpenJDK\jre-8.0.202.08"/>
    <property name="ibm.signalhandling.rs" value="false"/>
    <property name="style.color" value="always"/>
    <property name="file.separator" value="\"/>
    <property name="jdk.extensions.name" value="Extensions for OpenJDK for Eclipse OpenJ9"/>
    <property name="basedir" value="D:\mongodb university\mflix"/>
    <property name="line.separator" value="&#10;"/>
    <property name="java.vm.specification.vendor" value="Oracle Corporation"/>
    <property name="java.specification.name" value="Java Platform API Specification"/>
    <property name="java.compiler" value="j9jit29"/>
    <property name="com.ibm.util.extralibs.properties" value=""/>
    <property name="java.awt.graphicsenv" value="sun.awt.Win32GraphicsEnvironment"/>
    <property name="com.ibm.oti.configuration" value="scar"/>
    <property name="java.awt.fonts" value=""/>
    <property name="surefire.real.class.path" value="C:\Users\souvik.dey\AppData\Local\Temp\surefire2177548446552518358\surefirebooter539710187202965676.jar"/>
    <property name="com.ibm.oti.shared.enabled" value="false"/>
    <property name="sun.boot.class.path" value="C:\Program Files\AdoptOpenJDK\jre-8.0.202.08\bin\compressedrefs\jclSC180\vm.jar;C:\Program Files\AdoptOpenJDK\jre-8.0.202.08\lib\se-service.jar;C:\Program Files\AdoptOpenJDK\jre-8.0.202.08\lib\rt.jar;C:\Program Files\AdoptOpenJDK\jre-8.0.202.08\lib\resources.jar;C:\Program Files\AdoptOpenJDK\jre-8.0.202.08\lib\jsse.jar;C:\Program Files\AdoptOpenJDK\jre-8.0.202.08\lib\charsets.jar;C:\Program Files\AdoptOpenJDK\jre-8.0.202.08\lib\jce.jar"/>
    <property name="com.ibm.oti.vm.bootstrap.library.path" value="C:\Program Files\AdoptOpenJDK\jre-8.0.202.08\bin\compressedrefs;C:\Program Files\AdoptOpenJDK\jre-8.0.202.08\bin"/>
    <property name="com.ibm.cpu.endian" value="little"/>
    <property name="java.fullversion" value="1.8.0_202-b08&#10;JRE 1.8.0 Windows 10 amd64-64-Bit Compressed References 20190205_265 (JIT enabled, AOT enabled)&#10;OpenJ9   - 90dd8cb40&#10;OMR      - d2f4534b&#10;JCL      - d002501a90 based on jdk8u202-b08"/>
    <property name="java.runtime.version" value="1.8.0_202-b08"/>
    <property name="user.name" value="souvik.dey"/>
    <property name="path.separator" value=";"/>
    <property name="os.version" value="10.0"/>
    <property name="java.endorsed.dirs" value="C:\Program Files\AdoptOpenJDK\jre-8.0.202.08\lib\endorsed"/>
    <property name="java.runtime.name" value="OpenJDK Runtime Environment"/>
    <property name="ibm.signalhandling.sigint" value="true"/>
    <property name="file.encoding" value="Cp1252"/>
    <property name="java.vm.name" value="Eclipse OpenJ9 VM"/>
    <property name="ibm.signalhandling.sigchain" value="true"/>
    <property name="localRepository" value="C:\Users\souvik.dey\.m2\repository"/>
    <property name="java.io.tmpdir" value="C:\Users\souvik.dey\AppData\Local\Temp\"/>
    <property name="java.version" value="1.8.0_202"/>
    <property name="com.ibm.system.agent.path" value="C:\Program Files\AdoptOpenJDK\jre-8.0.202.08\bin"/>
    <property name="user.dir" value="D:\mongodb university\mflix"/>
    <property name="os.arch" value="amd64"/>
    <property name="java.vm.specification.name" value="Java Virtual Machine Specification"/>
    <property name="java.awt.printerjob" value="sun.awt.windows.WPrinterJob"/>
    <property name="os.encoding" value="UTF8"/>
    <property name="java.library.path" value="C:\Program Files\AdoptOpenJDK\jre-8.0.202.08\bin\compressedrefs;C:\Program Files\AdoptOpenJDK\jre-8.0.202.08\bin;C:\windows\system32;C:\windows;C:/Program Files/AdoptOpenJDK/jre-8.0.202.08/bin/j9vm;C:/Program Files/AdoptOpenJDK/jre-8.0.202.08/bin;C:/Program Files/AdoptOpenJDK/jre-8.0.202.08/lib/amd64;C:\Program Files\MongoDB\Server\4.0\bin;C:\Program Files\AdoptOpenJDK\jre-8.0.202.08\bin;C:\Program Files\AdoptOpenJDK\jdk-8.0.202.08\bin;C:\windows\system32;C:\windows;C:\windows\System32\Wbem;C:\windows\System32\WindowsPowerShell\v1.0\;C:\windows\System32\OpenSSH\;D:\ApacheMaven_3.5.2\bin;C:\Program Files\Git\cmd;C:\Program Files\Microsoft VS Code\bin;C:\Program Files\TortoiseGit\bin;C:\Users\souvik.dey\AppData\Local\Microsoft\WindowsApps;;D:\sts-4.3.1.RELEASE;;."/>
    <property name="java.vendor" value="Eclipse OpenJ9"/>
    <property name="java.vm.info" value="JRE 1.8.0 Windows 10 amd64-64-Bit Compressed References 20190205_265 (JIT enabled, AOT enabled)&#10;OpenJ9   - 90dd8cb40&#10;OMR      - d2f4534b&#10;JCL      - d002501a90 based on jdk8u202-b08"/>
    <property name="java.vm.version" value="openj9-0.12.1"/>
    <property name="com.ibm.jcl.checkClassPath" value=""/>
    <property name="ibm.system.encoding" value="Cp1252"/>
    <property name="sun.io.unicode.encoding" value="UnicodeLittle"/>
    <property name="java.ext.dirs" value="C:\Program Files\AdoptOpenJDK\jre-8.0.202.08\lib\ext"/>
    <property name="java.class.version" value="52.0"/>
  </properties>
  <testcase name="testRatingRuntimeBuckets" classname="mflix.api.daos.FacetedSearchTest" time="0.157">
    <error type="java.lang.NullPointerException">java.lang.NullPointerException
	at mflix.api.daos.FacetedSearchTest.testRatingRuntimeBuckets(FacetedSearchTest.java:49)
</error>
    <system-out><![CDATA[2020-02-02 01:49:35.125  INFO 76492 --- [           main] .b.t.c.SpringBootTestContextBootstrapper : Neither @ContextConfiguration nor @ContextHierarchy found for test class [mflix.api.daos.FacetedSearchTest], using SpringBootContextLoader
2020-02-02 01:49:35.127  INFO 76492 --- [           main] o.s.t.c.support.AbstractContextLoader    : Could not detect default resource locations for test class [mflix.api.daos.FacetedSearchTest]: no resource found for suffixes {-context.xml, Context.groovy}.
2020-02-02 01:49:35.137  INFO 76492 --- [           main] .b.t.c.SpringBootTestContextBootstrapper : Loaded default TestExecutionListener class names from location [META-INF/spring.factories]: [org.springframework.boot.test.mock.mockito.MockitoTestExecutionListener, org.springframework.boot.test.mock.mockito.ResetMocksTestExecutionListener, org.springframework.boot.test.autoconfigure.restdocs.RestDocsTestExecutionListener, org.springframework.boot.test.autoconfigure.web.client.MockRestServiceServerResetTestExecutionListener, org.springframework.boot.test.autoconfigure.web.servlet.MockMvcPrintOnlyOnFailureTestExecutionListener, org.springframework.boot.test.autoconfigure.web.servlet.WebDriverTestExecutionListener, org.springframework.test.context.web.ServletTestExecutionListener, org.springframework.test.context.support.DirtiesContextBeforeModesTestExecutionListener, org.springframework.test.context.support.DependencyInjectionTestExecutionListener, org.springframework.test.context.support.DirtiesContextTestExecutionListener, org.springframework.test.context.transaction.TransactionalTestExecutionListener, org.springframework.test.context.jdbc.SqlScriptsTestExecutionListener]
2020-02-02 01:49:35.140  INFO 76492 --- [           main] .b.t.c.SpringBootTestContextBootstrapper : Using TestExecutionListeners: [org.springframework.test.context.web.ServletTestExecutionListener@f51c9be0, org.springframework.test.context.support.DirtiesContextBeforeModesTestExecutionListener@54ab1edb, org.springframework.boot.test.mock.mockito.MockitoTestExecutionListener@b7efa0e6, org.springframework.boot.test.autoconfigure.SpringBootDependencyInjectionTestExecutionListener@210e6ac2, org.springframework.test.context.support.DirtiesContextTestExecutionListener@a0f1433d, org.springframework.boot.test.mock.mockito.ResetMocksTestExecutionListener@7c00c823, org.springframework.boot.test.autoconfigure.restdocs.RestDocsTestExecutionListener@df950fd5, org.springframework.boot.test.autoconfigure.web.client.MockRestServiceServerResetTestExecutionListener@ee408cbc, org.springframework.boot.test.autoconfigure.web.servlet.MockMvcPrintOnlyOnFailureTestExecutionListener@3b85bf6d, org.springframework.boot.test.autoconfigure.web.servlet.WebDriverTestExecutionListener@a214b85d]
]]></system-out>
  </testcase>
  <testcase name="testFacetedSearchPaging" classname="mflix.api.daos.FacetedSearchTest" time="0.156">
    <failure message="Should return a list of one faceted document expected:&lt;1&gt; but was:&lt;44&gt;" type="java.lang.AssertionError"><![CDATA[java.lang.AssertionError: Should return a list of one faceted document expected:<1> but was:<44>
	at mflix.api.daos.FacetedSearchTest.testFacetedSearchPaging(FacetedSearchTest.java:71)
]]></failure>
  </testcase>
  <testcase name="testFacetedMultipleCast" classname="mflix.api.daos.FacetedSearchTest" time="0.172">
    <failure message="Should return a list of one faceted document expected:&lt;1&gt; but was:&lt;56&gt;" type="java.lang.AssertionError"><![CDATA[java.lang.AssertionError: Should return a list of one faceted document expected:<1> but was:<56>
	at mflix.api.daos.FacetedSearchTest.testFacetedMultipleCast(FacetedSearchTest.java:99)
]]></failure>
  </testcase>
</testsuite>