<?xml version="1.0" encoding="UTF-8"?>
<testsuite xmlns:xsi="http://www.w3.org/2001/XMLSchema-instance" xsi:noNamespaceSchemaLocation="https://maven.apache.org/surefire/maven-surefire-plugin/xsd/surefire-test-report.xsd" name="mflix.api.daos.MigrationTest" time="30.198" tests="2" errors="0" skipped="0" failures="2">
  <properties>
    <property name="sun.desktop" value="windows"/>
    <property name="awt.toolkit" value="sun.awt.windows.WToolkit"/>
    <property name="jdk.extensions.version" value="8.0.202.1"/>
    <property name="file.encoding.pkg" value="sun.io"/>
    <property name="java.specification.version" value="1.8"/>
    <property name="sun.jnu.encoding" value="Cp1252"/>
    <property name="java.class.path" value="D:\mongodb university\mflix\target\test-classes;D:\mongodb university\mflix\target\classes;C:\Users\souvik.dey\.m2\repository\org\springframework\boot\spring-boot-starter-web\2.0.3.RELEASE\spring-boot-starter-web-2.0.3.RELEASE.jar;C:\Users\souvik.dey\.m2\repository\org\springframework\boot\spring-boot-starter\2.0.3.RELEASE\spring-boot-starter-2.0.3.RELEASE.jar;C:\Users\souvik.dey\.m2\repository\org\springframework\boot\spring-boot-starter-logging\2.0.3.RELEASE\spring-boot-starter-logging-2.0.3.RELEASE.jar;C:\Users\souvik.dey\.m2\repository\ch\qos\logback\logback-classic\1.2.3\logback-classic-1.2.3.jar;C:\Users\souvik.dey\.m2\repository\ch\qos\logback\logback-core\1.2.3\logback-core-1.2.3.jar;C:\Users\souvik.dey\.m2\repository\org\apache\logging\log4j\log4j-to-slf4j\2.10.0\log4j-to-slf4j-2.10.0.jar;C:\Users\souvik.dey\.m2\repository\org\apache\logging\log4j\log4j-api\2.10.0\log4j-api-2.10.0.jar;C:\Users\souvik.dey\.m2\repository\org\slf4j\jul-to-slf4j\1.7.25\jul-to-slf4j-1.7.25.jar;C:\Users\souvik.dey\.m2\repository\javax\annotation\javax.annotation-api\1.3.2\javax.annotation-api-1.3.2.jar;C:\Users\souvik.dey\.m2\repository\org\yaml\snakeyaml\1.19\snakeyaml-1.19.jar;C:\Users\souvik.dey\.m2\repository\org\springframework\boot\spring-boot-starter-json\2.0.3.RELEASE\spring-boot-starter-json-2.0.3.RELEASE.jar;C:\Users\souvik.dey\.m2\repository\com\fasterxml\jackson\datatype\jackson-datatype-jdk8\2.9.6\jackson-datatype-jdk8-2.9.6.jar;C:\Users\souvik.dey\.m2\repository\com\fasterxml\jackson\datatype\jackson-datatype-jsr310\2.9.6\jackson-datatype-jsr310-2.9.6.jar;C:\Users\souvik.dey\.m2\repository\com\fasterxml\jackson\module\jackson-module-parameter-names\2.9.6\jackson-module-parameter-names-2.9.6.jar;C:\Users\souvik.dey\.m2\repository\org\springframework\boot\spring-boot-starter-tomcat\2.0.3.RELEASE\spring-boot-starter-tomcat-2.0.3.RELEASE.jar;C:\Users\souvik.dey\.m2\repository\org\apache\tomcat\embed\tomcat-embed-core\8.5.31\tomcat-embed-core-8.5.31.jar;C:\Users\souvik.dey\.m2\repository\org\apache\tomcat\embed\tomcat-embed-el\8.5.31\tomcat-embed-el-8.5.31.jar;C:\Users\souvik.dey\.m2\repository\org\apache\tomcat\embed\tomcat-embed-websocket\8.5.31\tomcat-embed-websocket-8.5.31.jar;C:\Users\souvik.dey\.m2\repository\org\hibernate\validator\hibernate-validator\6.0.10.Final\hibernate-validator-6.0.10.Final.jar;C:\Users\souvik.dey\.m2\repository\javax\validation\validation-api\2.0.1.Final\validation-api-2.0.1.Final.jar;C:\Users\souvik.dey\.m2\repository\org\jboss\logging\jboss-logging\3.3.2.Final\jboss-logging-3.3.2.Final.jar;C:\Users\souvik.dey\.m2\repository\com\fasterxml\classmate\1.3.4\classmate-1.3.4.jar;C:\Users\souvik.dey\.m2\repository\org\springframework\spring-webmvc\5.0.7.RELEASE\spring-webmvc-5.0.7.RELEASE.jar;C:\Users\souvik.dey\.m2\repository\org\springframework\boot\spring-boot-starter-test\2.0.3.RELEASE\spring-boot-starter-test-2.0.3.RELEASE.jar;C:\Users\souvik.dey\.m2\repository\org\springframework\boot\spring-boot-test\2.0.3.RELEASE\spring-boot-test-2.0.3.RELEASE.jar;C:\Users\souvik.dey\.m2\repository\org\springframework\boot\spring-boot-test-autoconfigure\2.0.3.RELEASE\spring-boot-test-autoconfigure-2.0.3.RELEASE.jar;C:\Users\souvik.dey\.m2\repository\com\jayway\jsonpath\json-path\2.4.0\json-path-2.4.0.jar;C:\Users\souvik.dey\.m2\repository\net\minidev\json-smart\2.3\json-smart-2.3.jar;C:\Users\souvik.dey\.m2\repository\net\minidev\accessors-smart\1.2\accessors-smart-1.2.jar;C:\Users\souvik.dey\.m2\repository\org\ow2\asm\asm\5.0.4\asm-5.0.4.jar;C:\Users\souvik.dey\.m2\repository\org\slf4j\slf4j-api\1.7.25\slf4j-api-1.7.25.jar;C:\Users\souvik.dey\.m2\repository\junit\junit\4.12\junit-4.12.jar;C:\Users\souvik.dey\.m2\repository\org\assertj\assertj-core\3.9.1\assertj-core-3.9.1.jar;C:\Users\souvik.dey\.m2\repository\org\mockito\mockito-core\2.15.0\mockito-core-2.15.0.jar;C:\Users\souvik.dey\.m2\repository\net\bytebuddy\byte-buddy\1.7.9\byte-buddy-1.7.9.jar;C:\Users\souvik.dey\.m2\repository\net\bytebuddy\byte-buddy-agent\1.7.9\byte-buddy-agent-1.7.9.jar;C:\Users\souvik.dey\.m2\repository\org\objenesis\objenesis\2.6\objenesis-2.6.jar;C:\Users\souvik.dey\.m2\repository\org\hamcrest\hamcrest-core\1.3\hamcrest-core-1.3.jar;C:\Users\souvik.dey\.m2\repository\org\hamcrest\hamcrest-library\1.3\hamcrest-library-1.3.jar;C:\Users\souvik.dey\.m2\repository\org\skyscreamer\jsonassert\1.5.0\jsonassert-1.5.0.jar;C:\Users\souvik.dey\.m2\repository\com\vaadin\external\google\android-json\0.0.20131108.vaadin1\android-json-0.0.20131108.vaadin1.jar;C:\Users\souvik.dey\.m2\repository\org\springframework\spring-test\5.0.7.RELEASE\spring-test-5.0.7.RELEASE.jar;C:\Users\souvik.dey\.m2\repository\org\xmlunit\xmlunit-core\2.5.1\xmlunit-core-2.5.1.jar;C:\Users\souvik.dey\.m2\repository\org\springframework\boot\spring-boot-starter-security\2.0.4.RELEASE\spring-boot-starter-security-2.0.4.RELEASE.jar;C:\Users\souvik.dey\.m2\repository\org\springframework\spring-aop\5.0.8.RELEASE\spring-aop-5.0.8.RELEASE.jar;C:\Users\souvik.dey\.m2\repository\org\springframework\security\spring-security-config\5.0.7.RELEASE\spring-security-config-5.0.7.RELEASE.jar;C:\Users\souvik.dey\.m2\repository\org\springframework\security\spring-security-core\5.0.7.RELEASE\spring-security-core-5.0.7.RELEASE.jar;C:\Users\souvik.dey\.m2\repository\org\springframework\security\spring-security-web\5.0.7.RELEASE\spring-security-web-5.0.7.RELEASE.jar;C:\Users\souvik.dey\.m2\repository\org\springframework\boot\spring-boot\2.0.4.RELEASE\spring-boot-2.0.4.RELEASE.jar;C:\Users\souvik.dey\.m2\repository\org\springframework\spring-context\5.0.7.RELEASE\spring-context-5.0.7.RELEASE.jar;C:\Users\souvik.dey\.m2\repository\org\springframework\spring-beans\5.0.7.RELEASE\spring-beans-5.0.7.RELEASE.jar;C:\Users\souvik.dey\.m2\repository\org\springframework\spring-expression\5.0.7.RELEASE\spring-expression-5.0.7.RELEASE.jar;C:\Users\souvik.dey\.m2\repository\org\springframework\spring-core\5.0.7.RELEASE\spring-core-5.0.7.RELEASE.jar;C:\Users\souvik.dey\.m2\repository\org\springframework\spring-jcl\5.0.7.RELEASE\spring-jcl-5.0.7.RELEASE.jar;C:\Users\souvik.dey\.m2\repository\org\springframework\boot\spring-boot-autoconfigure\2.0.3.RELEASE\spring-boot-autoconfigure-2.0.3.RELEASE.jar;C:\Users\souvik.dey\.m2\repository\org\springframework\spring-web\5.0.7.RELEASE\spring-web-5.0.7.RELEASE.jar;C:\Users\souvik.dey\.m2\repository\io\jsonwebtoken\jjwt\0.9.1\jjwt-0.9.1.jar;C:\Users\souvik.dey\.m2\repository\com\fasterxml\jackson\core\jackson-databind\2.9.6\jackson-databind-2.9.6.jar;C:\Users\souvik.dey\.m2\repository\com\fasterxml\jackson\core\jackson-annotations\2.9.0\jackson-annotations-2.9.0.jar;C:\Users\souvik.dey\.m2\repository\com\fasterxml\jackson\core\jackson-core\2.9.6\jackson-core-2.9.6.jar;C:\Users\souvik.dey\.m2\repository\org\junit\jupiter\junit-jupiter-api\5.1.0\junit-jupiter-api-5.1.0.jar;C:\Users\souvik.dey\.m2\repository\org\apiguardian\apiguardian-api\1.0.0\apiguardian-api-1.0.0.jar;C:\Users\souvik.dey\.m2\repository\org\opentest4j\opentest4j\1.0.0\opentest4j-1.0.0.jar;C:\Users\souvik.dey\.m2\repository\org\junit\platform\junit-platform-commons\1.1.0\junit-platform-commons-1.1.0.jar;C:\Users\souvik.dey\.m2\repository\org\mongodb\mongodb-driver-sync\3.9.1\mongodb-driver-sync-3.9.1.jar;C:\Users\souvik.dey\.m2\repository\org\mongodb\bson\3.9.1\bson-3.9.1.jar;C:\Users\souvik.dey\.m2\repository\org\mongodb\mongodb-driver-core\3.9.1\mongodb-driver-core-3.9.1.jar;"/>
    <property name="com.ibm.zero.version" value="2"/>
    <property name="java.vm.vendor" value="Eclipse OpenJ9"/>
    <property name="sun.arch.data.model" value="64"/>
    <property name="com.ibm.vm.bitmode" value="64"/>
    <property name="user.variant" value=""/>
    <property name="com.ibm.oti.vm.library.version" value="29"/>
    <property name="java.vendor.url" value="http://www.eclipse.org/openj9"/>
    <property name="user.timezone" value="Asia/Calcutta"/>
    <property name="os.name" value="Windows 10"/>
    <property name="java.vm.specification.version" value="1.8"/>
    <property name="sun.java.launcher" value="SUN_STANDARD"/>
    <property name="user.country" value="US"/>
    <property name="sun.boot.library.path" value="C:\Program Files\AdoptOpenJDK\jre-8.0.202.08\bin\compressedrefs;C:\Program Files\AdoptOpenJDK\jre-8.0.202.08\bin"/>
    <property name="sun.java.command" value="C:\Users\souvik.dey\AppData\Local\Temp\surefire2177548446552518358\surefirebooter539710187202965676.jar C:\Users\souvik.dey\AppData\Local\Temp\surefire2177548446552518358 2020-02-02T01-47-35_985-jvmRun1 surefire977915364726116089tmp surefire_01540351599844633061tmp"/>
    <property name="surefire.test.class.path" value="D:\mongodb university\mflix\target\test-classes;D:\mongodb university\mflix\target\classes;C:\Users\souvik.dey\.m2\repository\org\springframework\boot\spring-boot-starter-web\2.0.3.RELEASE\spring-boot-starter-web-2.0.3.RELEASE.jar;C:\Users\souvik.dey\.m2\repository\org\springframework\boot\spring-boot-starter\2.0.3.RELEASE\spring-boot-starter-2.0.3.RELEASE.jar;C:\Users\souvik.dey\.m2\repository\org\springframework\boot\spring-boot-starter-logging\2.0.3.RELEASE\spring-boot-starter-logging-2.0.3.RELEASE.jar;C:\Users\souvik.dey\.m2\repository\ch\qos\logback\logback-classic\1.2.3\logback-classic-1.2.3.jar;C:\Users\souvik.dey\.m2\repository\ch\qos\logback\logback-core\1.2.3\logback-core-1.2.3.jar;C:\Users\souvik.dey\.m2\repository\org\apache\logging\log4j\log4j-to-slf4j\2.10.0\log4j-to-slf4j-2.10.0.jar;C:\Users\souvik.dey\.m2\repository\org\apache\logging\log4j\log4j-api\2.10.0\log4j-api-2.10.0.jar;C:\Users\souvik.dey\.m2\repository\org\slf4j\jul-to-slf4j\1.7.25\jul-to-slf4j-1.7.25.jar;C:\Users\souvik.dey\.m2\repository\javax\annotation\javax.annotation-api\1.3.2\javax.annotation-api-1.3.2.jar;C:\Users\souvik.dey\.m2\repository\org\yaml\snakeyaml\1.19\snakeyaml-1.19.jar;C:\Users\souvik.dey\.m2\repository\org\springframework\boot\spring-boot-starter-json\2.0.3.RELEASE\spring-boot-starter-json-2.0.3.RELEASE.jar;C:\Users\souvik.dey\.m2\repository\com\fasterxml\jackson\datatype\jackson-datatype-jdk8\2.9.6\jackson-datatype-jdk8-2.9.6.jar;C:\Users\souvik.dey\.m2\repository\com\fasterxml\jackson\datatype\jackson-datatype-jsr310\2.9.6\jackson-datatype-jsr310-2.9.6.jar;C:\Users\souvik.dey\.m2\repository\com\fasterxml\jackson\module\jackson-module-parameter-names\2.9.6\jackson-module-parameter-names-2.9.6.jar;C:\Users\souvik.dey\.m2\repository\org\springframework\boot\spring-boot-starter-tomcat\2.0.3.RELEASE\spring-boot-starter-tomcat-2.0.3.RELEASE.jar;C:\Users\souvik.dey\.m2\repository\org\apache\tomcat\embed\tomcat-embed-core\8.5.31\tomcat-embed-core-8.5.31.jar;C:\Users\souvik.dey\.m2\repository\org\apache\tomcat\embed\tomcat-embed-el\8.5.31\tomcat-embed-el-8.5.31.jar;C:\Users\souvik.dey\.m2\repository\org\apache\tomcat\embed\tomcat-embed-websocket\8.5.31\tomcat-embed-websocket-8.5.31.jar;C:\Users\souvik.dey\.m2\repository\org\hibernate\validator\hibernate-validator\6.0.10.Final\hibernate-validator-6.0.10.Final.jar;C:\Users\souvik.dey\.m2\repository\javax\validation\validation-api\2.0.1.Final\validation-api-2.0.1.Final.jar;C:\Users\souvik.dey\.m2\repository\org\jboss\logging\jboss-logging\3.3.2.Final\jboss-logging-3.3.2.Final.jar;C:\Users\souvik.dey\.m2\repository\com\fasterxml\classmate\1.3.4\classmate-1.3.4.jar;C:\Users\souvik.dey\.m2\repository\org\springframework\spring-webmvc\5.0.7.RELEASE\spring-webmvc-5.0.7.RELEASE.jar;C:\Users\souvik.dey\.m2\repository\org\springframework\boot\spring-boot-starter-test\2.0.3.RELEASE\spring-boot-starter-test-2.0.3.RELEASE.jar;C:\Users\souvik.dey\.m2\repository\org\springframework\boot\spring-boot-test\2.0.3.RELEASE\spring-boot-test-2.0.3.RELEASE.jar;C:\Users\souvik.dey\.m2\repository\org\springframework\boot\spring-boot-test-autoconfigure\2.0.3.RELEASE\spring-boot-test-autoconfigure-2.0.3.RELEASE.jar;C:\Users\souvik.dey\.m2\repository\com\jayway\jsonpath\json-path\2.4.0\json-path-2.4.0.jar;C:\Users\souvik.dey\.m2\repository\net\minidev\json-smart\2.3\json-smart-2.3.jar;C:\Users\souvik.dey\.m2\repository\net\minidev\accessors-smart\1.2\accessors-smart-1.2.jar;C:\Users\souvik.dey\.m2\repository\org\ow2\asm\asm\5.0.4\asm-5.0.4.jar;C:\Users\souvik.dey\.m2\repository\org\slf4j\slf4j-api\1.7.25\slf4j-api-1.7.25.jar;C:\Users\souvik.dey\.m2\repository\junit\junit\4.12\junit-4.12.jar;C:\Users\souvik.dey\.m2\repository\org\assertj\assertj-core\3.9.1\assertj-core-3.9.1.jar;C:\Users\souvik.dey\.m2\repository\org\mockito\mockito-core\2.15.0\mockito-core-2.15.0.jar;C:\Users\souvik.dey\.m2\repository\net\bytebuddy\byte-buddy\1.7.9\byte-buddy-1.7.9.jar;C:\Users\souvik.dey\.m2\repository\net\bytebuddy\byte-buddy-agent\1.7.9\byte-buddy-agent-1.7.9.jar;C:\Users\souvik.dey\.m2\repository\org\objenesis\objenesis\2.6\objenesis-2.6.jar;C:\Users\souvik.dey\.m2\repository\org\hamcrest\hamcrest-core\1.3\hamcrest-core-1.3.jar;C:\Users\souvik.dey\.m2\repository\org\hamcrest\hamcrest-library\1.3\hamcrest-library-1.3.jar;C:\Users\souvik.dey\.m2\repository\org\skyscreamer\jsonassert\1.5.0\jsonassert-1.5.0.jar;C:\Users\souvik.dey\.m2\repository\com\vaadin\external\google\android-json\0.0.20131108.vaadin1\android-json-0.0.20131108.vaadin1.jar;C:\Users\souvik.dey\.m2\repository\org\springframework\spring-test\5.0.7.RELEASE\spring-test-5.0.7.RELEASE.jar;C:\Users\souvik.dey\.m2\repository\org\xmlunit\xmlunit-core\2.5.1\xmlunit-core-2.5.1.jar;C:\Users\souvik.dey\.m2\repository\org\springframework\boot\spring-boot-starter-security\2.0.4.RELEASE\spring-boot-starter-security-2.0.4.RELEASE.jar;C:\Users\souvik.dey\.m2\repository\org\springframework\spring-aop\5.0.8.RELEASE\spring-aop-5.0.8.RELEASE.jar;C:\Users\souvik.dey\.m2\repository\org\springframework\security\spring-security-config\5.0.7.RELEASE\spring-security-config-5.0.7.RELEASE.jar;C:\Users\souvik.dey\.m2\repository\org\springframework\security\spring-security-core\5.0.7.RELEASE\spring-security-core-5.0.7.RELEASE.jar;C:\Users\souvik.dey\.m2\repository\org\springframework\security\spring-security-web\5.0.7.RELEASE\spring-security-web-5.0.7.RELEASE.jar;C:\Users\souvik.dey\.m2\repository\org\springframework\boot\spring-boot\2.0.4.RELEASE\spring-boot-2.0.4.RELEASE.jar;C:\Users\souvik.dey\.m2\repository\org\springframework\spring-context\5.0.7.RELEASE\spring-context-5.0.7.RELEASE.jar;C:\Users\souvik.dey\.m2\repository\org\springframework\spring-beans\5.0.7.RELEASE\spring-beans-5.0.7.RELEASE.jar;C:\Users\souvik.dey\.m2\repository\org\springframework\spring-expression\5.0.7.RELEASE\spring-expression-5.0.7.RELEASE.jar;C:\Users\souvik.dey\.m2\repository\org\springframework\spring-core\5.0.7.RELEASE\spring-core-5.0.7.RELEASE.jar;C:\Users\souvik.dey\.m2\repository\org\springframework\spring-jcl\5.0.7.RELEASE\spring-jcl-5.0.7.RELEASE.jar;C:\Users\souvik.dey\.m2\repository\org\springframework\boot\spring-boot-autoconfigure\2.0.3.RELEASE\spring-boot-autoconfigure-2.0.3.RELEASE.jar;C:\Users\souvik.dey\.m2\repository\org\springframework\spring-web\5.0.7.RELEASE\spring-web-5.0.7.RELEASE.jar;C:\Users\souvik.dey\.m2\repository\io\jsonwebtoken\jjwt\0.9.1\jjwt-0.9.1.jar;C:\Users\souvik.dey\.m2\repository\com\fasterxml\jackson\core\jackson-databind\2.9.6\jackson-databind-2.9.6.jar;C:\Users\souvik.dey\.m2\repository\com\fasterxml\jackson\core\jackson-annotations\2.9.0\jackson-annotations-2.9.0.jar;C:\Users\souvik.dey\.m2\repository\com\fasterxml\jackson\core\jackson-core\2.9.6\jackson-core-2.9.6.jar;C:\Users\souvik.dey\.m2\repository\org\junit\jupiter\junit-jupiter-api\5.1.0\junit-jupiter-api-5.1.0.jar;C:\Users\souvik.dey\.m2\repository\org\apiguardian\apiguardian-api\1.0.0\apiguardian-api-1.0.0.jar;C:\Users\souvik.dey\.m2\repository\org\opentest4j\opentest4j\1.0.0\opentest4j-1.0.0.jar;C:\Users\souvik.dey\.m2\repository\org\junit\platform\junit-platform-commons\1.1.0\junit-platform-commons-1.1.0.jar;C:\Users\souvik.dey\.m2\repository\org\mongodb\mongodb-driver-sync\3.9.1\mongodb-driver-sync-3.9.1.jar;C:\Users\souvik.dey\.m2\repository\org\mongodb\bson\3.9.1\bson-3.9.1.jar;C:\Users\souvik.dey\.m2\repository\org\mongodb\mongodb-driver-core\3.9.1\mongodb-driver-core-3.9.1.jar;"/>
    <property name="sun.cpu.endian" value="little"/>
    <property name="user.home" value="C:\Users\souvik.dey"/>
    <property name="user.language" value="en"/>
    <property name="java.specification.vendor" value="Oracle Corporation"/>
    <property name="java.home" value="C:\Program Files\AdoptOpenJDK\jre-8.0.202.08"/>
    <property name="ibm.signalhandling.rs" value="false"/>
    <property name="style.color" value="always"/>
    <property name="file.separator" value="\"/>
    <property name="jdk.extensions.name" value="Extensions for OpenJDK for Eclipse OpenJ9"/>
    <property name="basedir" value="D:\mongodb university\mflix"/>
    <property name="line.separator" value="&#10;"/>
    <property name="java.vm.specification.vendor" value="Oracle Corporation"/>
    <property name="java.specification.name" value="Java Platform API Specification"/>
    <property name="java.compiler" value="j9jit29"/>
    <property name="com.ibm.util.extralibs.properties" value=""/>
    <property name="java.awt.graphicsenv" value="sun.awt.Win32GraphicsEnvironment"/>
    <property name="com.ibm.oti.configuration" value="scar"/>
    <property name="java.awt.fonts" value=""/>
    <property name="surefire.real.class.path" value="C:\Users\souvik.dey\AppData\Local\Temp\surefire2177548446552518358\surefirebooter539710187202965676.jar"/>
    <property name="com.ibm.oti.shared.enabled" value="false"/>
    <property name="sun.boot.class.path" value="C:\Program Files\AdoptOpenJDK\jre-8.0.202.08\bin\compressedrefs\jclSC180\vm.jar;C:\Program Files\AdoptOpenJDK\jre-8.0.202.08\lib\se-service.jar;C:\Program Files\AdoptOpenJDK\jre-8.0.202.08\lib\rt.jar;C:\Program Files\AdoptOpenJDK\jre-8.0.202.08\lib\resources.jar;C:\Program Files\AdoptOpenJDK\jre-8.0.202.08\lib\jsse.jar;C:\Program Files\AdoptOpenJDK\jre-8.0.202.08\lib\charsets.jar;C:\Program Files\AdoptOpenJDK\jre-8.0.202.08\lib\jce.jar"/>
    <property name="com.ibm.oti.vm.bootstrap.library.path" value="C:\Program Files\AdoptOpenJDK\jre-8.0.202.08\bin\compressedrefs;C:\Program Files\AdoptOpenJDK\jre-8.0.202.08\bin"/>
    <property name="com.ibm.cpu.endian" value="little"/>
    <property name="java.fullversion" value="1.8.0_202-b08&#10;JRE 1.8.0 Windows 10 amd64-64-Bit Compressed References 20190205_265 (JIT enabled, AOT enabled)&#10;OpenJ9   - 90dd8cb40&#10;OMR      - d2f4534b&#10;JCL      - d002501a90 based on jdk8u202-b08"/>
    <property name="java.runtime.version" value="1.8.0_202-b08"/>
    <property name="user.name" value="souvik.dey"/>
    <property name="path.separator" value=";"/>
    <property name="os.version" value="10.0"/>
    <property name="java.endorsed.dirs" value="C:\Program Files\AdoptOpenJDK\jre-8.0.202.08\lib\endorsed"/>
    <property name="java.runtime.name" value="OpenJDK Runtime Environment"/>
    <property name="ibm.signalhandling.sigint" value="true"/>
    <property name="file.encoding" value="Cp1252"/>
    <property name="java.vm.name" value="Eclipse OpenJ9 VM"/>
    <property name="ibm.signalhandling.sigchain" value="true"/>
    <property name="localRepository" value="C:\Users\souvik.dey\.m2\repository"/>
    <property name="java.io.tmpdir" value="C:\Users\souvik.dey\AppData\Local\Temp\"/>
    <property name="java.version" value="1.8.0_202"/>
    <property name="com.ibm.system.agent.path" value="C:\Program Files\AdoptOpenJDK\jre-8.0.202.08\bin"/>
    <property name="user.dir" value="D:\mongodb university\mflix"/>
    <property name="os.arch" value="amd64"/>
    <property name="java.vm.specification.name" value="Java Virtual Machine Specification"/>
    <property name="java.awt.printerjob" value="sun.awt.windows.WPrinterJob"/>
    <property name="os.encoding" value="UTF8"/>
    <property name="java.library.path" value="C:\Program Files\AdoptOpenJDK\jre-8.0.202.08\bin\compressedrefs;C:\Program Files\AdoptOpenJDK\jre-8.0.202.08\bin;C:\windows\system32;C:\windows;C:/Program Files/AdoptOpenJDK/jre-8.0.202.08/bin/j9vm;C:/Program Files/AdoptOpenJDK/jre-8.0.202.08/bin;C:/Program Files/AdoptOpenJDK/jre-8.0.202.08/lib/amd64;C:\Program Files\MongoDB\Server\4.0\bin;C:\Program Files\AdoptOpenJDK\jre-8.0.202.08\bin;C:\Program Files\AdoptOpenJDK\jdk-8.0.202.08\bin;C:\windows\system32;C:\windows;C:\windows\System32\Wbem;C:\windows\System32\WindowsPowerShell\v1.0\;C:\windows\System32\OpenSSH\;D:\ApacheMaven_3.5.2\bin;C:\Program Files\Git\cmd;C:\Program Files\Microsoft VS Code\bin;C:\Program Files\TortoiseGit\bin;C:\Users\souvik.dey\AppData\Local\Microsoft\WindowsApps;;D:\sts-4.3.1.RELEASE;;."/>
    <property name="java.vendor" value="Eclipse OpenJ9"/>
    <property name="java.vm.info" value="JRE 1.8.0 Windows 10 amd64-64-Bit Compressed References 20190205_265 (JIT enabled, AOT enabled)&#10;OpenJ9   - 90dd8cb40&#10;OMR      - d2f4534b&#10;JCL      - d002501a90 based on jdk8u202-b08"/>
    <property name="java.vm.version" value="openj9-0.12.1"/>
    <property name="com.ibm.jcl.checkClassPath" value=""/>
    <property name="ibm.system.encoding" value="Cp1252"/>
    <property name="sun.io.unicode.encoding" value="UnicodeLittle"/>
    <property name="java.ext.dirs" value="C:\Program Files\AdoptOpenJDK\jre-8.0.202.08\lib\ext"/>
    <property name="java.class.version" value="52.0"/>
  </properties>
  <testcase name="testAllDocumentsIMDBRatingNumber" classname="mflix.api.daos.MigrationTest" time="15.186">
    <failure message="Should not find documents where `imdb.rating` is of not of `number` type expected:&lt;0&gt; but was:&lt;61&gt;" type="java.lang.AssertionError"><![CDATA[java.lang.AssertionError: Should not find documents where `imdb.rating` is of not of `number` type expected:<0> but was:<61>
	at mflix.api.daos.MigrationTest.testAllDocumentsIMDBRatingNumber(MigrationTest.java:42)
]]></failure>
    <system-out><![CDATA[2020-02-02 01:49:36.782  INFO 76492 --- [ngodb.net:27017] org.mongodb.driver.cluster               : Monitor thread successfully connected to server with description ServerDescription{address=mflix-shard-00-00-fl3im.mongodb.net:27017, type=REPLICA_SET_SECONDARY, state=CONNECTED, ok=true, version=ServerVersion{versionList=[4, 2, 3]}, minWireVersion=0, maxWireVersion=8, maxDocumentSize=16777216, logicalSessionTimeoutMinutes=30, roundTripTimeNanos=79790835, setName='mflix-shard-0', canonicalAddress=mflix-shard-00-00-fl3im.mongodb.net:27017, hosts=[mflix-shard-00-00-fl3im.mongodb.net:27017, mflix-shard-00-01-fl3im.mongodb.net:27017, mflix-shard-00-02-fl3im.mongodb.net:27017], passives=[], arbiters=[], primary='mflix-shard-00-02-fl3im.mongodb.net:27017', tagSet=TagSet{[Tag{name='region', value='AP_SOUTH_1'}, Tag{name='nodeType', value='ELECTABLE'}, Tag{name='provider', value='AWS'}]}, electionId=null, setVersion=1, lastWriteDate=Sun Feb 02 01:49:35 IST 2020, lastUpdateTimeNanos=31847694274824}
2020-02-02 01:49:36.787  INFO 76492 --- [ngodb.net:27017] org.mongodb.driver.cluster               : Monitor thread successfully connected to server with description ServerDescription{address=mflix-shard-00-02-fl3im.mongodb.net:27017, type=REPLICA_SET_PRIMARY, state=CONNECTED, ok=true, version=ServerVersion{versionList=[4, 2, 3]}, minWireVersion=0, maxWireVersion=8, maxDocumentSize=16777216, logicalSessionTimeoutMinutes=30, roundTripTimeNanos=76878205, setName='mflix-shard-0', canonicalAddress=mflix-shard-00-02-fl3im.mongodb.net:27017, hosts=[mflix-shard-00-00-fl3im.mongodb.net:27017, mflix-shard-00-01-fl3im.mongodb.net:27017, mflix-shard-00-02-fl3im.mongodb.net:27017], passives=[], arbiters=[], primary='mflix-shard-00-02-fl3im.mongodb.net:27017', tagSet=TagSet{[Tag{name='region', value='AP_SOUTH_1'}, Tag{name='nodeType', value='ELECTABLE'}, Tag{name='provider', value='AWS'}]}, electionId=7fffffff0000000000000005, setVersion=1, lastWriteDate=Sun Feb 02 01:49:35 IST 2020, lastUpdateTimeNanos=31847700142090}
2020-02-02 01:49:36.787  INFO 76492 --- [ngodb.net:27017] org.mongodb.driver.cluster               : Monitor thread successfully connected to server with description ServerDescription{address=mflix-shard-00-01-fl3im.mongodb.net:27017, type=REPLICA_SET_SECONDARY, state=CONNECTED, ok=true, version=ServerVersion{versionList=[4, 2, 3]}, minWireVersion=0, maxWireVersion=8, maxDocumentSize=16777216, logicalSessionTimeoutMinutes=30, roundTripTimeNanos=81830910, setName='mflix-shard-0', canonicalAddress=mflix-shard-00-01-fl3im.mongodb.net:27017, hosts=[mflix-shard-00-00-fl3im.mongodb.net:27017, mflix-shard-00-01-fl3im.mongodb.net:27017, mflix-shard-00-02-fl3im.mongodb.net:27017], passives=[], arbiters=[], primary='mflix-shard-00-02-fl3im.mongodb.net:27017', tagSet=TagSet{[Tag{name='region', value='AP_SOUTH_1'}, Tag{name='nodeType', value='ELECTABLE'}, Tag{name='provider', value='AWS'}]}, electionId=null, setVersion=1, lastWriteDate=Sun Feb 02 01:49:35 IST 2020, lastUpdateTimeNanos=31847699654776}
2020-02-02 01:49:39.016  INFO 76492 --- [ngodb.net:27017] org.mongodb.driver.cluster               : Monitor thread successfully connected to server with description ServerDescription{address=mflix-shard-00-02-fl3im.mongodb.net:27017, type=REPLICA_SET_PRIMARY, state=CONNECTED, ok=true, version=ServerVersion{versionList=[4, 2, 3]}, minWireVersion=0, maxWireVersion=8, maxDocumentSize=16777216, logicalSessionTimeoutMinutes=30, roundTripTimeNanos=45212109, setName='mflix-shard-0', canonicalAddress=mflix-shard-00-02-fl3im.mongodb.net:27017, hosts=[mflix-shard-00-00-fl3im.mongodb.net:27017, mflix-shard-00-01-fl3im.mongodb.net:27017, mflix-shard-00-02-fl3im.mongodb.net:27017], passives=[], arbiters=[], primary='mflix-shard-00-02-fl3im.mongodb.net:27017', tagSet=TagSet{[Tag{name='region', value='AP_SOUTH_1'}, Tag{name='nodeType', value='ELECTABLE'}, Tag{name='provider', value='AWS'}]}, electionId=7fffffff0000000000000005, setVersion=1, lastWriteDate=Sun Feb 02 01:49:35 IST 2020, lastUpdateTimeNanos=31849928850040}
2020-02-02 01:49:39.016  INFO 76492 --- [ngodb.net:27017] org.mongodb.driver.cluster               : Monitor thread successfully connected to server with description ServerDescription{address=mflix-shard-00-00-fl3im.mongodb.net:27017, type=REPLICA_SET_SECONDARY, state=CONNECTED, ok=true, version=ServerVersion{versionList=[4, 2, 3]}, minWireVersion=0, maxWireVersion=8, maxDocumentSize=16777216, logicalSessionTimeoutMinutes=30, roundTripTimeNanos=44608249, setName='mflix-shard-0', canonicalAddress=mflix-shard-00-00-fl3im.mongodb.net:27017, hosts=[mflix-shard-00-00-fl3im.mongodb.net:27017, mflix-shard-00-01-fl3im.mongodb.net:27017, mflix-shard-00-02-fl3im.mongodb.net:27017], passives=[], arbiters=[], primary='mflix-shard-00-02-fl3im.mongodb.net:27017', tagSet=TagSet{[Tag{name='region', value='AP_SOUTH_1'}, Tag{name='nodeType', value='ELECTABLE'}, Tag{name='provider', value='AWS'}]}, electionId=null, setVersion=1, lastWriteDate=Sun Feb 02 01:49:35 IST 2020, lastUpdateTimeNanos=31849928797205}
2020-02-02 01:49:39.563  INFO 76492 --- [ngodb.net:27017] org.mongodb.driver.cluster               : Monitor thread successfully connected to server with description ServerDescription{address=mflix-shard-00-01-fl3im.mongodb.net:27017, type=REPLICA_SET_SECONDARY, state=CONNECTED, ok=true, version=ServerVersion{versionList=[4, 2, 3]}, minWireVersion=0, maxWireVersion=8, maxDocumentSize=16777216, logicalSessionTimeoutMinutes=30, roundTripTimeNanos=48598536, setName='mflix-shard-0', canonicalAddress=mflix-shard-00-01-fl3im.mongodb.net:27017, hosts=[mflix-shard-00-00-fl3im.mongodb.net:27017, mflix-shard-00-01-fl3im.mongodb.net:27017, mflix-shard-00-02-fl3im.mongodb.net:27017], passives=[], arbiters=[], primary='mflix-shard-00-02-fl3im.mongodb.net:27017', tagSet=TagSet{[Tag{name='region', value='AP_SOUTH_1'}, Tag{name='nodeType', value='ELECTABLE'}, Tag{name='provider', value='AWS'}]}, electionId=null, setVersion=1, lastWriteDate=Sun Feb 02 01:49:35 IST 2020, lastUpdateTimeNanos=31850476130825}
2020-02-02 01:49:43.929  INFO 76492 --- [ngodb.net:27017] org.mongodb.driver.cluster               : Monitor thread successfully connected to server with description ServerDescription{address=mflix-shard-00-02-fl3im.mongodb.net:27017, type=REPLICA_SET_PRIMARY, state=CONNECTED, ok=true, version=ServerVersion{versionList=[4, 2, 3]}, minWireVersion=0, maxWireVersion=8, maxDocumentSize=16777216, logicalSessionTimeoutMinutes=30, roundTripTimeNanos=47574815, setName='mflix-shard-0', canonicalAddress=mflix-shard-00-02-fl3im.mongodb.net:27017, hosts=[mflix-shard-00-00-fl3im.mongodb.net:27017, mflix-shard-00-01-fl3im.mongodb.net:27017, mflix-shard-00-02-fl3im.mongodb.net:27017], passives=[], arbiters=[], primary='mflix-shard-00-02-fl3im.mongodb.net:27017', tagSet=TagSet{[Tag{name='region', value='AP_SOUTH_1'}, Tag{name='nodeType', value='ELECTABLE'}, Tag{name='provider', value='AWS'}]}, electionId=7fffffff0000000000000005, setVersion=1, lastWriteDate=Sun Feb 02 01:49:35 IST 2020, lastUpdateTimeNanos=31854842070111}
2020-02-02 01:49:43.950  INFO 76492 --- [ngodb.net:27017] org.mongodb.driver.cluster               : Monitor thread successfully connected to server with description ServerDescription{address=mflix-shard-00-01-fl3im.mongodb.net:27017, type=REPLICA_SET_SECONDARY, state=CONNECTED, ok=true, version=ServerVersion{versionList=[4, 2, 3]}, minWireVersion=0, maxWireVersion=8, maxDocumentSize=16777216, logicalSessionTimeoutMinutes=30, roundTripTimeNanos=45093512, setName='mflix-shard-0', canonicalAddress=mflix-shard-00-01-fl3im.mongodb.net:27017, hosts=[mflix-shard-00-00-fl3im.mongodb.net:27017, mflix-shard-00-01-fl3im.mongodb.net:27017, mflix-shard-00-02-fl3im.mongodb.net:27017], passives=[], arbiters=[], primary='mflix-shard-00-02-fl3im.mongodb.net:27017', tagSet=TagSet{[Tag{name='region', value='AP_SOUTH_1'}, Tag{name='provider', value='AWS'}, Tag{name='nodeType', value='ELECTABLE'}]}, electionId=null, setVersion=1, lastWriteDate=Sun Feb 02 01:49:35 IST 2020, lastUpdateTimeNanos=31854862845608}
2020-02-02 01:49:46.836  INFO 76492 --- [ngodb.net:27017] org.mongodb.driver.cluster               : Monitor thread successfully connected to server with description ServerDescription{address=mflix-shard-00-01-fl3im.mongodb.net:27017, type=REPLICA_SET_SECONDARY, state=CONNECTED, ok=true, version=ServerVersion{versionList=[4, 2, 3]}, minWireVersion=0, maxWireVersion=8, maxDocumentSize=16777216, logicalSessionTimeoutMinutes=30, roundTripTimeNanos=74681741, setName='mflix-shard-0', canonicalAddress=mflix-shard-00-01-fl3im.mongodb.net:27017, hosts=[mflix-shard-00-00-fl3im.mongodb.net:27017, mflix-shard-00-01-fl3im.mongodb.net:27017, mflix-shard-00-02-fl3im.mongodb.net:27017], passives=[], arbiters=[], primary='mflix-shard-00-02-fl3im.mongodb.net:27017', tagSet=TagSet{[Tag{name='region', value='AP_SOUTH_1'}, Tag{name='provider', value='AWS'}, Tag{name='nodeType', value='ELECTABLE'}]}, electionId=null, setVersion=1, lastWriteDate=Sun Feb 02 01:49:45 IST 2020, lastUpdateTimeNanos=31857748386219}
2020-02-02 01:49:46.836  INFO 76492 --- [ngodb.net:27017] org.mongodb.driver.cluster               : Monitor thread successfully connected to server with description ServerDescription{address=mflix-shard-00-02-fl3im.mongodb.net:27017, type=REPLICA_SET_PRIMARY, state=CONNECTED, ok=true, version=ServerVersion{versionList=[4, 2, 3]}, minWireVersion=0, maxWireVersion=8, maxDocumentSize=16777216, logicalSessionTimeoutMinutes=30, roundTripTimeNanos=70717936, setName='mflix-shard-0', canonicalAddress=mflix-shard-00-02-fl3im.mongodb.net:27017, hosts=[mflix-shard-00-00-fl3im.mongodb.net:27017, mflix-shard-00-01-fl3im.mongodb.net:27017, mflix-shard-00-02-fl3im.mongodb.net:27017], passives=[], arbiters=[], primary='mflix-shard-00-02-fl3im.mongodb.net:27017', tagSet=TagSet{[Tag{name='nodeType', value='ELECTABLE'}, Tag{name='region', value='AP_SOUTH_1'}, Tag{name='provider', value='AWS'}]}, electionId=7fffffff0000000000000005, setVersion=1, lastWriteDate=Sun Feb 02 01:49:45 IST 2020, lastUpdateTimeNanos=31857748380064}
2020-02-02 01:49:49.061  INFO 76492 --- [ngodb.net:27017] org.mongodb.driver.cluster               : Monitor thread successfully connected to server with description ServerDescription{address=mflix-shard-00-02-fl3im.mongodb.net:27017, type=REPLICA_SET_PRIMARY, state=CONNECTED, ok=true, version=ServerVersion{versionList=[4, 2, 3]}, minWireVersion=0, maxWireVersion=8, maxDocumentSize=16777216, logicalSessionTimeoutMinutes=30, roundTripTimeNanos=44782533, setName='mflix-shard-0', canonicalAddress=mflix-shard-00-02-fl3im.mongodb.net:27017, hosts=[mflix-shard-00-00-fl3im.mongodb.net:27017, mflix-shard-00-01-fl3im.mongodb.net:27017, mflix-shard-00-02-fl3im.mongodb.net:27017], passives=[], arbiters=[], primary='mflix-shard-00-02-fl3im.mongodb.net:27017', tagSet=TagSet{[Tag{name='nodeType', value='ELECTABLE'}, Tag{name='region', value='AP_SOUTH_1'}, Tag{name='provider', value='AWS'}]}, electionId=7fffffff0000000000000005, setVersion=1, lastWriteDate=Sun Feb 02 01:49:45 IST 2020, lastUpdateTimeNanos=31859973996901}
2020-02-02 01:49:49.610  INFO 76492 --- [ngodb.net:27017] org.mongodb.driver.cluster               : Monitor thread successfully connected to server with description ServerDescription{address=mflix-shard-00-01-fl3im.mongodb.net:27017, type=REPLICA_SET_SECONDARY, state=CONNECTED, ok=true, version=ServerVersion{versionList=[4, 2, 3]}, minWireVersion=0, maxWireVersion=8, maxDocumentSize=16777216, logicalSessionTimeoutMinutes=30, roundTripTimeNanos=47900404, setName='mflix-shard-0', canonicalAddress=mflix-shard-00-01-fl3im.mongodb.net:27017, hosts=[mflix-shard-00-00-fl3im.mongodb.net:27017, mflix-shard-00-01-fl3im.mongodb.net:27017, mflix-shard-00-02-fl3im.mongodb.net:27017], passives=[], arbiters=[], primary='mflix-shard-00-02-fl3im.mongodb.net:27017', tagSet=TagSet{[Tag{name='region', value='AP_SOUTH_1'}, Tag{name='provider', value='AWS'}, Tag{name='nodeType', value='ELECTABLE'}]}, electionId=null, setVersion=1, lastWriteDate=Sun Feb 02 01:49:45 IST 2020, lastUpdateTimeNanos=31860522992008}
2020-02-02 01:49:50.575  INFO 76492 --- [           main] org.mongodb.driver.cluster               : Cluster created with settings {hosts=[mflix-shard-00-00-fl3im.mongodb.net:27017, mflix-shard-00-01-fl3im.mongodb.net:27017, mflix-shard-00-02-fl3im.mongodb.net:27017], mode=MULTIPLE, requiredClusterType=REPLICA_SET, serverSelectionTimeout='30000 ms', maxWaitQueueSize=500, requiredReplicaSetName='mflix-shard-0'}
2020-02-02 01:49:50.576  INFO 76492 --- [           main] org.mongodb.driver.cluster               : Adding discovered server mflix-shard-00-00-fl3im.mongodb.net:27017 to client view of cluster
2020-02-02 01:49:50.579  INFO 76492 --- [           main] org.mongodb.driver.cluster               : Adding discovered server mflix-shard-00-01-fl3im.mongodb.net:27017 to client view of cluster
2020-02-02 01:49:50.586  INFO 76492 --- [           main] org.mongodb.driver.cluster               : Adding discovered server mflix-shard-00-02-fl3im.mongodb.net:27017 to client view of cluster
2020-02-02 01:49:50.596  INFO 76492 --- [           main] org.mongodb.driver.cluster               : No server chosen by com.mongodb.client.internal.MongoClientDelegate$1@7454f311 from cluster description ClusterDescription{type=REPLICA_SET, connectionMode=MULTIPLE, serverDescriptions=[ServerDescription{address=mflix-shard-00-02-fl3im.mongodb.net:27017, type=UNKNOWN, state=CONNECTING}, ServerDescription{address=mflix-shard-00-01-fl3im.mongodb.net:27017, type=UNKNOWN, state=CONNECTING}, ServerDescription{address=mflix-shard-00-00-fl3im.mongodb.net:27017, type=UNKNOWN, state=CONNECTING}]}. Waiting for 30000 ms before timing out
2020-02-02 01:49:50.881  INFO 76492 --- [ngodb.net:27017] org.mongodb.driver.connection            : Opened connection [connectionId{localValue:15, serverValue:70271}] to mflix-shard-00-02-fl3im.mongodb.net:27017
2020-02-02 01:49:50.929  INFO 76492 --- [ngodb.net:27017] org.mongodb.driver.cluster               : Monitor thread successfully connected to server with description ServerDescription{address=mflix-shard-00-02-fl3im.mongodb.net:27017, type=REPLICA_SET_PRIMARY, state=CONNECTED, ok=true, version=ServerVersion{versionList=[4, 2, 3]}, minWireVersion=0, maxWireVersion=8, maxDocumentSize=16777216, logicalSessionTimeoutMinutes=30, roundTripTimeNanos=46912479, setName='mflix-shard-0', canonicalAddress=mflix-shard-00-02-fl3im.mongodb.net:27017, hosts=[mflix-shard-00-00-fl3im.mongodb.net:27017, mflix-shard-00-01-fl3im.mongodb.net:27017, mflix-shard-00-02-fl3im.mongodb.net:27017], passives=[], arbiters=[], primary='mflix-shard-00-02-fl3im.mongodb.net:27017', tagSet=TagSet{[Tag{name='nodeType', value='ELECTABLE'}, Tag{name='region', value='AP_SOUTH_1'}, Tag{name='provider', value='AWS'}]}, electionId=7fffffff0000000000000005, setVersion=1, lastWriteDate=Sun Feb 02 01:49:45 IST 2020, lastUpdateTimeNanos=31861841896217}
2020-02-02 01:49:50.930  INFO 76492 --- [ngodb.net:27017] org.mongodb.driver.cluster               : Setting max election id to 7fffffff0000000000000005 from replica set primary mflix-shard-00-02-fl3im.mongodb.net:27017
2020-02-02 01:49:50.930  INFO 76492 --- [ngodb.net:27017] org.mongodb.driver.cluster               : Setting max set version to 1 from replica set primary mflix-shard-00-02-fl3im.mongodb.net:27017
2020-02-02 01:49:50.931  INFO 76492 --- [ngodb.net:27017] org.mongodb.driver.cluster               : Discovered replica set primary mflix-shard-00-02-fl3im.mongodb.net:27017
2020-02-02 01:49:50.947  INFO 76492 --- [ngodb.net:27017] org.mongodb.driver.connection            : Opened connection [connectionId{localValue:13, serverValue:60013}] to mflix-shard-00-00-fl3im.mongodb.net:27017
2020-02-02 01:49:50.965  INFO 76492 --- [ngodb.net:27017] org.mongodb.driver.connection            : Opened connection [connectionId{localValue:14, serverValue:52931}] to mflix-shard-00-01-fl3im.mongodb.net:27017
2020-02-02 01:49:51.004  INFO 76492 --- [ngodb.net:27017] org.mongodb.driver.cluster               : Monitor thread successfully connected to server with description ServerDescription{address=mflix-shard-00-00-fl3im.mongodb.net:27017, type=REPLICA_SET_SECONDARY, state=CONNECTED, ok=true, version=ServerVersion{versionList=[4, 2, 3]}, minWireVersion=0, maxWireVersion=8, maxDocumentSize=16777216, logicalSessionTimeoutMinutes=30, roundTripTimeNanos=55982683, setName='mflix-shard-0', canonicalAddress=mflix-shard-00-00-fl3im.mongodb.net:27017, hosts=[mflix-shard-00-00-fl3im.mongodb.net:27017, mflix-shard-00-01-fl3im.mongodb.net:27017, mflix-shard-00-02-fl3im.mongodb.net:27017], passives=[], arbiters=[], primary='mflix-shard-00-02-fl3im.mongodb.net:27017', tagSet=TagSet{[Tag{name='region', value='AP_SOUTH_1'}, Tag{name='nodeType', value='ELECTABLE'}, Tag{name='provider', value='AWS'}]}, electionId=null, setVersion=1, lastWriteDate=Sun Feb 02 01:49:45 IST 2020, lastUpdateTimeNanos=31861917168857}
2020-02-02 01:49:51.023  INFO 76492 --- [ngodb.net:27017] org.mongodb.driver.cluster               : Monitor thread successfully connected to server with description ServerDescription{address=mflix-shard-00-01-fl3im.mongodb.net:27017, type=REPLICA_SET_SECONDARY, state=CONNECTED, ok=true, version=ServerVersion{versionList=[4, 2, 3]}, minWireVersion=0, maxWireVersion=8, maxDocumentSize=16777216, logicalSessionTimeoutMinutes=30, roundTripTimeNanos=56189406, setName='mflix-shard-0', canonicalAddress=mflix-shard-00-01-fl3im.mongodb.net:27017, hosts=[mflix-shard-00-00-fl3im.mongodb.net:27017, mflix-shard-00-01-fl3im.mongodb.net:27017, mflix-shard-00-02-fl3im.mongodb.net:27017], passives=[], arbiters=[], primary='mflix-shard-00-02-fl3im.mongodb.net:27017', tagSet=TagSet{[Tag{name='region', value='AP_SOUTH_1'}, Tag{name='provider', value='AWS'}, Tag{name='nodeType', value='ELECTABLE'}]}, electionId=null, setVersion=1, lastWriteDate=Sun Feb 02 01:49:45 IST 2020, lastUpdateTimeNanos=31861935749899}
2020-02-02 01:49:51.646  INFO 76492 --- [           main] org.mongodb.driver.connection            : Opened connection [connectionId{localValue:16, serverValue:66690}] to mflix-shard-00-02-fl3im.mongodb.net:27017
]]></system-out>
  </testcase>
  <testcase name="testAllDocumentsUpdateDateIsDateType" classname="mflix.api.daos.MigrationTest" time="15.01">
    <failure message="Should not find documents where `lastupdated` is of `string` type expected:&lt;0&gt; but was:&lt;23539&gt;" type="java.lang.AssertionError"><![CDATA[java.lang.AssertionError: Should not find documents where `lastupdated` is of `string` type expected:<0> but was:<23539>
	at mflix.api.daos.MigrationTest.testAllDocumentsUpdateDateIsDateType(MigrationTest.java:31)
]]></failure>
    <system-out><![CDATA[2020-02-02 01:49:53.981  INFO 76492 --- [ngodb.net:27017] org.mongodb.driver.cluster               : Monitor thread successfully connected to server with description ServerDescription{address=mflix-shard-00-02-fl3im.mongodb.net:27017, type=REPLICA_SET_PRIMARY, state=CONNECTED, ok=true, version=ServerVersion{versionList=[4, 2, 3]}, minWireVersion=0, maxWireVersion=8, maxDocumentSize=16777216, logicalSessionTimeoutMinutes=30, roundTripTimeNanos=47964133, setName='mflix-shard-0', canonicalAddress=mflix-shard-00-02-fl3im.mongodb.net:27017, hosts=[mflix-shard-00-00-fl3im.mongodb.net:27017, mflix-shard-00-01-fl3im.mongodb.net:27017, mflix-shard-00-02-fl3im.mongodb.net:27017], passives=[], arbiters=[], primary='mflix-shard-00-02-fl3im.mongodb.net:27017', tagSet=TagSet{[Tag{name='region', value='AP_SOUTH_1'}, Tag{name='provider', value='AWS'}, Tag{name='nodeType', value='ELECTABLE'}]}, electionId=7fffffff0000000000000005, setVersion=1, lastWriteDate=Sun Feb 02 01:49:45 IST 2020, lastUpdateTimeNanos=31864893951145}
2020-02-02 01:49:54.003  INFO 76492 --- [ngodb.net:27017] org.mongodb.driver.cluster               : Monitor thread successfully connected to server with description ServerDescription{address=mflix-shard-00-01-fl3im.mongodb.net:27017, type=REPLICA_SET_SECONDARY, state=CONNECTED, ok=true, version=ServerVersion{versionList=[4, 2, 3]}, minWireVersion=0, maxWireVersion=8, maxDocumentSize=16777216, logicalSessionTimeoutMinutes=30, roundTripTimeNanos=45787858, setName='mflix-shard-0', canonicalAddress=mflix-shard-00-01-fl3im.mongodb.net:27017, hosts=[mflix-shard-00-00-fl3im.mongodb.net:27017, mflix-shard-00-01-fl3im.mongodb.net:27017, mflix-shard-00-02-fl3im.mongodb.net:27017], passives=[], arbiters=[], primary='mflix-shard-00-02-fl3im.mongodb.net:27017', tagSet=TagSet{[Tag{name='region', value='AP_SOUTH_1'}, Tag{name='nodeType', value='ELECTABLE'}, Tag{name='provider', value='AWS'}]}, electionId=null, setVersion=1, lastWriteDate=Sun Feb 02 01:49:45 IST 2020, lastUpdateTimeNanos=31864913312404}
2020-02-02 01:49:56.889  INFO 76492 --- [ngodb.net:27017] org.mongodb.driver.cluster               : Monitor thread successfully connected to server with description ServerDescription{address=mflix-shard-00-01-fl3im.mongodb.net:27017, type=REPLICA_SET_SECONDARY, state=CONNECTED, ok=true, version=ServerVersion{versionList=[4, 2, 3]}, minWireVersion=0, maxWireVersion=8, maxDocumentSize=16777216, logicalSessionTimeoutMinutes=30, roundTripTimeNanos=69746316, setName='mflix-shard-0', canonicalAddress=mflix-shard-00-01-fl3im.mongodb.net:27017, hosts=[mflix-shard-00-00-fl3im.mongodb.net:27017, mflix-shard-00-01-fl3im.mongodb.net:27017, mflix-shard-00-02-fl3im.mongodb.net:27017], passives=[], arbiters=[], primary='mflix-shard-00-02-fl3im.mongodb.net:27017', tagSet=TagSet{[Tag{name='region', value='AP_SOUTH_1'}, Tag{name='nodeType', value='ELECTABLE'}, Tag{name='provider', value='AWS'}]}, electionId=null, setVersion=1, lastWriteDate=Sun Feb 02 01:49:55 IST 2020, lastUpdateTimeNanos=31867800937182}
2020-02-02 01:49:56.898  INFO 76492 --- [ngodb.net:27017] org.mongodb.driver.cluster               : Monitor thread successfully connected to server with description ServerDescription{address=mflix-shard-00-02-fl3im.mongodb.net:27017, type=REPLICA_SET_PRIMARY, state=CONNECTED, ok=true, version=ServerVersion{versionList=[4, 2, 3]}, minWireVersion=0, maxWireVersion=8, maxDocumentSize=16777216, logicalSessionTimeoutMinutes=30, roundTripTimeNanos=66362084, setName='mflix-shard-0', canonicalAddress=mflix-shard-00-02-fl3im.mongodb.net:27017, hosts=[mflix-shard-00-00-fl3im.mongodb.net:27017, mflix-shard-00-01-fl3im.mongodb.net:27017, mflix-shard-00-02-fl3im.mongodb.net:27017], passives=[], arbiters=[], primary='mflix-shard-00-02-fl3im.mongodb.net:27017', tagSet=TagSet{[Tag{name='region', value='AP_SOUTH_1'}, Tag{name='nodeType', value='ELECTABLE'}, Tag{name='provider', value='AWS'}]}, electionId=7fffffff0000000000000005, setVersion=1, lastWriteDate=Sun Feb 02 01:49:55 IST 2020, lastUpdateTimeNanos=31867800946415}
2020-02-02 01:49:59.114  INFO 76492 --- [ngodb.net:27017] org.mongodb.driver.cluster               : Monitor thread successfully connected to server with description ServerDescription{address=mflix-shard-00-02-fl3im.mongodb.net:27017, type=REPLICA_SET_PRIMARY, state=CONNECTED, ok=true, version=ServerVersion{versionList=[4, 2, 3]}, minWireVersion=0, maxWireVersion=8, maxDocumentSize=16777216, logicalSessionTimeoutMinutes=30, roundTripTimeNanos=46002280, setName='mflix-shard-0', canonicalAddress=mflix-shard-00-02-fl3im.mongodb.net:27017, hosts=[mflix-shard-00-00-fl3im.mongodb.net:27017, mflix-shard-00-01-fl3im.mongodb.net:27017, mflix-shard-00-02-fl3im.mongodb.net:27017], passives=[], arbiters=[], primary='mflix-shard-00-02-fl3im.mongodb.net:27017', tagSet=TagSet{[Tag{name='region', value='AP_SOUTH_1'}, Tag{name='nodeType', value='ELECTABLE'}, Tag{name='provider', value='AWS'}]}, electionId=7fffffff0000000000000005, setVersion=1, lastWriteDate=Sun Feb 02 01:49:55 IST 2020, lastUpdateTimeNanos=31870027070060}
2020-02-02 01:49:59.656  INFO 76492 --- [ngodb.net:27017] org.mongodb.driver.cluster               : Monitor thread successfully connected to server with description ServerDescription{address=mflix-shard-00-01-fl3im.mongodb.net:27017, type=REPLICA_SET_SECONDARY, state=CONNECTED, ok=true, version=ServerVersion{versionList=[4, 2, 3]}, minWireVersion=0, maxWireVersion=8, maxDocumentSize=16777216, logicalSessionTimeoutMinutes=30, roundTripTimeNanos=47311941, setName='mflix-shard-0', canonicalAddress=mflix-shard-00-01-fl3im.mongodb.net:27017, hosts=[mflix-shard-00-00-fl3im.mongodb.net:27017, mflix-shard-00-01-fl3im.mongodb.net:27017, mflix-shard-00-02-fl3im.mongodb.net:27017], passives=[], arbiters=[], primary='mflix-shard-00-02-fl3im.mongodb.net:27017', tagSet=TagSet{[Tag{name='region', value='AP_SOUTH_1'}, Tag{name='nodeType', value='ELECTABLE'}, Tag{name='provider', value='AWS'}]}, electionId=null, setVersion=1, lastWriteDate=Sun Feb 02 01:49:55 IST 2020, lastUpdateTimeNanos=31870569330481}
2020-02-02 01:50:00.981  INFO 76492 --- [ngodb.net:27017] org.mongodb.driver.cluster               : Monitor thread successfully connected to server with description ServerDescription{address=mflix-shard-00-02-fl3im.mongodb.net:27017, type=REPLICA_SET_PRIMARY, state=CONNECTED, ok=true, version=ServerVersion{versionList=[4, 2, 3]}, minWireVersion=0, maxWireVersion=8, maxDocumentSize=16777216, logicalSessionTimeoutMinutes=30, roundTripTimeNanos=47144645, setName='mflix-shard-0', canonicalAddress=mflix-shard-00-02-fl3im.mongodb.net:27017, hosts=[mflix-shard-00-00-fl3im.mongodb.net:27017, mflix-shard-00-01-fl3im.mongodb.net:27017, mflix-shard-00-02-fl3im.mongodb.net:27017], passives=[], arbiters=[], primary='mflix-shard-00-02-fl3im.mongodb.net:27017', tagSet=TagSet{[Tag{name='region', value='AP_SOUTH_1'}, Tag{name='nodeType', value='ELECTABLE'}, Tag{name='provider', value='AWS'}]}, electionId=7fffffff0000000000000005, setVersion=1, lastWriteDate=Sun Feb 02 01:49:55 IST 2020, lastUpdateTimeNanos=31871894175310}
2020-02-02 01:50:01.068  INFO 76492 --- [ngodb.net:27017] org.mongodb.driver.cluster               : Monitor thread successfully connected to server with description ServerDescription{address=mflix-shard-00-01-fl3im.mongodb.net:27017, type=REPLICA_SET_SECONDARY, state=CONNECTED, ok=true, version=ServerVersion{versionList=[4, 2, 3]}, minWireVersion=0, maxWireVersion=8, maxDocumentSize=16777216, logicalSessionTimeoutMinutes=30, roundTripTimeNanos=53604279, setName='mflix-shard-0', canonicalAddress=mflix-shard-00-01-fl3im.mongodb.net:27017, hosts=[mflix-shard-00-00-fl3im.mongodb.net:27017, mflix-shard-00-01-fl3im.mongodb.net:27017, mflix-shard-00-02-fl3im.mongodb.net:27017], passives=[], arbiters=[], primary='mflix-shard-00-02-fl3im.mongodb.net:27017', tagSet=TagSet{[Tag{name='region', value='AP_SOUTH_1'}, Tag{name='nodeType', value='ELECTABLE'}, Tag{name='provider', value='AWS'}]}, electionId=null, setVersion=1, lastWriteDate=Sun Feb 02 01:49:55 IST 2020, lastUpdateTimeNanos=31871980409959}
2020-02-02 01:50:04.030  INFO 76492 --- [ngodb.net:27017] org.mongodb.driver.cluster               : Monitor thread successfully connected to server with description ServerDescription{address=mflix-shard-00-02-fl3im.mongodb.net:27017, type=REPLICA_SET_PRIMARY, state=CONNECTED, ok=true, version=ServerVersion{versionList=[4, 2, 3]}, minWireVersion=0, maxWireVersion=8, maxDocumentSize=16777216, logicalSessionTimeoutMinutes=30, roundTripTimeNanos=47837620, setName='mflix-shard-0', canonicalAddress=mflix-shard-00-02-fl3im.mongodb.net:27017, hosts=[mflix-shard-00-00-fl3im.mongodb.net:27017, mflix-shard-00-01-fl3im.mongodb.net:27017, mflix-shard-00-02-fl3im.mongodb.net:27017], passives=[], arbiters=[], primary='mflix-shard-00-02-fl3im.mongodb.net:27017', tagSet=TagSet{[Tag{name='nodeType', value='ELECTABLE'}, Tag{name='region', value='AP_SOUTH_1'}, Tag{name='provider', value='AWS'}]}, electionId=7fffffff0000000000000005, setVersion=1, lastWriteDate=Sun Feb 02 01:49:55 IST 2020, lastUpdateTimeNanos=31874942871359}
2020-02-02 01:50:04.049  INFO 76492 --- [ngodb.net:27017] org.mongodb.driver.cluster               : Monitor thread successfully connected to server with description ServerDescription{address=mflix-shard-00-01-fl3im.mongodb.net:27017, type=REPLICA_SET_SECONDARY, state=CONNECTED, ok=true, version=ServerVersion{versionList=[4, 2, 3]}, minWireVersion=0, maxWireVersion=8, maxDocumentSize=16777216, logicalSessionTimeoutMinutes=30, roundTripTimeNanos=45327053, setName='mflix-shard-0', canonicalAddress=mflix-shard-00-01-fl3im.mongodb.net:27017, hosts=[mflix-shard-00-00-fl3im.mongodb.net:27017, mflix-shard-00-01-fl3im.mongodb.net:27017, mflix-shard-00-02-fl3im.mongodb.net:27017], passives=[], arbiters=[], primary='mflix-shard-00-02-fl3im.mongodb.net:27017', tagSet=TagSet{[Tag{name='region', value='AP_SOUTH_1'}, Tag{name='provider', value='AWS'}, Tag{name='nodeType', value='ELECTABLE'}]}, electionId=null, setVersion=1, lastWriteDate=Sun Feb 02 01:49:55 IST 2020, lastUpdateTimeNanos=31874961952027}
2020-02-02 01:50:05.835  INFO 76492 --- [           main] org.mongodb.driver.cluster               : Cluster created with settings {hosts=[mflix-shard-00-02-fl3im.mongodb.net:27017, mflix-shard-00-00-fl3im.mongodb.net:27017, mflix-shard-00-01-fl3im.mongodb.net:27017], mode=MULTIPLE, requiredClusterType=REPLICA_SET, serverSelectionTimeout='30000 ms', maxWaitQueueSize=500, requiredReplicaSetName='mflix-shard-0'}
2020-02-02 01:50:05.835  INFO 76492 --- [           main] org.mongodb.driver.cluster               : Adding discovered server mflix-shard-00-02-fl3im.mongodb.net:27017 to client view of cluster
2020-02-02 01:50:05.838  INFO 76492 --- [           main] org.mongodb.driver.cluster               : Adding discovered server mflix-shard-00-00-fl3im.mongodb.net:27017 to client view of cluster
2020-02-02 01:50:05.840  INFO 76492 --- [           main] org.mongodb.driver.cluster               : Adding discovered server mflix-shard-00-01-fl3im.mongodb.net:27017 to client view of cluster
2020-02-02 01:50:05.843  INFO 76492 --- [           main] org.mongodb.driver.cluster               : No server chosen by com.mongodb.client.internal.MongoClientDelegate$1@74149100 from cluster description ClusterDescription{type=REPLICA_SET, connectionMode=MULTIPLE, serverDescriptions=[ServerDescription{address=mflix-shard-00-02-fl3im.mongodb.net:27017, type=UNKNOWN, state=CONNECTING}, ServerDescription{address=mflix-shard-00-01-fl3im.mongodb.net:27017, type=UNKNOWN, state=CONNECTING}, ServerDescription{address=mflix-shard-00-00-fl3im.mongodb.net:27017, type=UNKNOWN, state=CONNECTING}]}. Waiting for 30000 ms before timing out
2020-02-02 01:50:06.139  INFO 76492 --- [ngodb.net:27017] org.mongodb.driver.connection            : Opened connection [connectionId{localValue:18, serverValue:60013}] to mflix-shard-00-00-fl3im.mongodb.net:27017
2020-02-02 01:50:06.144  INFO 76492 --- [ngodb.net:27017] org.mongodb.driver.connection            : Opened connection [connectionId{localValue:17, serverValue:66690}] to mflix-shard-00-02-fl3im.mongodb.net:27017
2020-02-02 01:50:06.150  INFO 76492 --- [ngodb.net:27017] org.mongodb.driver.connection            : Opened connection [connectionId{localValue:19, serverValue:52931}] to mflix-shard-00-01-fl3im.mongodb.net:27017
2020-02-02 01:50:06.182  INFO 76492 --- [ngodb.net:27017] org.mongodb.driver.cluster               : Monitor thread successfully connected to server with description ServerDescription{address=mflix-shard-00-00-fl3im.mongodb.net:27017, type=REPLICA_SET_SECONDARY, state=CONNECTED, ok=true, version=ServerVersion{versionList=[4, 2, 3]}, minWireVersion=0, maxWireVersion=8, maxDocumentSize=16777216, logicalSessionTimeoutMinutes=30, roundTripTimeNanos=42198866, setName='mflix-shard-0', canonicalAddress=mflix-shard-00-00-fl3im.mongodb.net:27017, hosts=[mflix-shard-00-00-fl3im.mongodb.net:27017, mflix-shard-00-01-fl3im.mongodb.net:27017, mflix-shard-00-02-fl3im.mongodb.net:27017], passives=[], arbiters=[], primary='mflix-shard-00-02-fl3im.mongodb.net:27017', tagSet=TagSet{[Tag{name='region', value='AP_SOUTH_1'}, Tag{name='nodeType', value='ELECTABLE'}, Tag{name='provider', value='AWS'}]}, electionId=null, setVersion=1, lastWriteDate=Sun Feb 02 01:49:55 IST 2020, lastUpdateTimeNanos=31877095445918}
2020-02-02 01:50:06.184  INFO 76492 --- [           main] org.mongodb.driver.cluster               : No server chosen by ReadPreferenceServerSelector{readPreference=primary} from cluster description ClusterDescription{type=REPLICA_SET, connectionMode=MULTIPLE, serverDescriptions=[ServerDescription{address=mflix-shard-00-02-fl3im.mongodb.net:27017, type=UNKNOWN, state=CONNECTING}, ServerDescription{address=mflix-shard-00-01-fl3im.mongodb.net:27017, type=UNKNOWN, state=CONNECTING}, ServerDescription{address=mflix-shard-00-00-fl3im.mongodb.net:27017, type=REPLICA_SET_SECONDARY, state=CONNECTED, ok=true, version=ServerVersion{versionList=[4, 2, 3]}, minWireVersion=0, maxWireVersion=8, maxDocumentSize=16777216, logicalSessionTimeoutMinutes=30, roundTripTimeNanos=42198866, setName='mflix-shard-0', canonicalAddress=mflix-shard-00-00-fl3im.mongodb.net:27017, hosts=[mflix-shard-00-00-fl3im.mongodb.net:27017, mflix-shard-00-01-fl3im.mongodb.net:27017, mflix-shard-00-02-fl3im.mongodb.net:27017], passives=[], arbiters=[], primary='mflix-shard-00-02-fl3im.mongodb.net:27017', tagSet=TagSet{[Tag{name='region', value='AP_SOUTH_1'}, Tag{name='nodeType', value='ELECTABLE'}, Tag{name='provider', value='AWS'}]}, electionId=null, setVersion=1, lastWriteDate=Sun Feb 02 01:49:55 IST 2020, lastUpdateTimeNanos=31877095445918}]}. Waiting for 30000 ms before timing out
2020-02-02 01:50:06.187  INFO 76492 --- [ngodb.net:27017] org.mongodb.driver.cluster               : Monitor thread successfully connected to server with description ServerDescription{address=mflix-shard-00-02-fl3im.mongodb.net:27017, type=REPLICA_SET_PRIMARY, state=CONNECTED, ok=true, version=ServerVersion{versionList=[4, 2, 3]}, minWireVersion=0, maxWireVersion=8, maxDocumentSize=16777216, logicalSessionTimeoutMinutes=30, roundTripTimeNanos=41836714, setName='mflix-shard-0', canonicalAddress=mflix-shard-00-02-fl3im.mongodb.net:27017, hosts=[mflix-shard-00-00-fl3im.mongodb.net:27017, mflix-shard-00-01-fl3im.mongodb.net:27017, mflix-shard-00-02-fl3im.mongodb.net:27017], passives=[], arbiters=[], primary='mflix-shard-00-02-fl3im.mongodb.net:27017', tagSet=TagSet{[Tag{name='nodeType', value='ELECTABLE'}, Tag{name='region', value='AP_SOUTH_1'}, Tag{name='provider', value='AWS'}]}, electionId=7fffffff0000000000000005, setVersion=1, lastWriteDate=Sun Feb 02 01:49:55 IST 2020, lastUpdateTimeNanos=31877100199029}
2020-02-02 01:50:06.188  INFO 76492 --- [ngodb.net:27017] org.mongodb.driver.cluster               : Setting max election id to 7fffffff0000000000000005 from replica set primary mflix-shard-00-02-fl3im.mongodb.net:27017
2020-02-02 01:50:06.188  INFO 76492 --- [ngodb.net:27017] org.mongodb.driver.cluster               : Setting max set version to 1 from replica set primary mflix-shard-00-02-fl3im.mongodb.net:27017
2020-02-02 01:50:06.189  INFO 76492 --- [ngodb.net:27017] org.mongodb.driver.cluster               : Discovered replica set primary mflix-shard-00-02-fl3im.mongodb.net:27017
2020-02-02 01:50:06.198  INFO 76492 --- [ngodb.net:27017] org.mongodb.driver.cluster               : Monitor thread successfully connected to server with description ServerDescription{address=mflix-shard-00-01-fl3im.mongodb.net:27017, type=REPLICA_SET_SECONDARY, state=CONNECTED, ok=true, version=ServerVersion{versionList=[4, 2, 3]}, minWireVersion=0, maxWireVersion=8, maxDocumentSize=16777216, logicalSessionTimeoutMinutes=30, roundTripTimeNanos=47068419, setName='mflix-shard-0', canonicalAddress=mflix-shard-00-01-fl3im.mongodb.net:27017, hosts=[mflix-shard-00-00-fl3im.mongodb.net:27017, mflix-shard-00-01-fl3im.mongodb.net:27017, mflix-shard-00-02-fl3im.mongodb.net:27017], passives=[], arbiters=[], primary='mflix-shard-00-02-fl3im.mongodb.net:27017', tagSet=TagSet{[Tag{name='region', value='AP_SOUTH_1'}, Tag{name='provider', value='AWS'}, Tag{name='nodeType', value='ELECTABLE'}]}, electionId=null, setVersion=1, lastWriteDate=Sun Feb 02 01:49:55 IST 2020, lastUpdateTimeNanos=31877111538066}
2020-02-02 01:50:06.656  INFO 76492 --- [           main] org.mongodb.driver.connection            : Opened connection [connectionId{localValue:20, serverValue:66690}] to mflix-shard-00-02-fl3im.mongodb.net:27017
]]></system-out>
  </testcase>
</testsuite>